[ 2018-11-05T15:23:43+08:00 ] 127.0.0.1 /cheng/admin.php
INFO: [ app_init ] --START--
INFO: Run Behavior\BuildLiteBehavior [ RunTime:0.000000s ]
INFO: [ app_init ] --END-- [ RunTime:0.001000s ]

[ 2018-11-05T15:23:43+08:00 ] 127.0.0.1 /cheng/admin.php/Admin/Login/index.html
INFO: [ app_init ] --START--
INFO: Run Behavior\BuildLiteBehavior [ RunTime:0.000000s ]
INFO: [ app_init ] --END-- [ RunTime:0.000000s ]

[ 2018-11-05T15:23:45+08:00 ] 127.0.0.1 /cheng/admin.php/admin/login/checklogin
INFO: [ app_init ] --START--
INFO: Run Behavior\BuildLiteBehavior [ RunTime:0.000000s ]
INFO: [ app_init ] --END-- [ RunTime:0.001000s ]

[ 2018-11-05T15:23:45+08:00 ] 127.0.0.1 /cheng/admin.php/Admin/Index/index.html
INFO: [ app_init ] --START--
INFO: Run Behavior\BuildLiteBehavior [ RunTime:0.000000s ]
INFO: [ app_init ] --END-- [ RunTime:0.000000s ]

[ 2018-11-05T15:23:47+08:00 ] 127.0.0.1 /cheng/admin.php/Admin/Goodsup/index.html
INFO: [ app_init ] --START--
INFO: Run Behavior\BuildLiteBehavior [ RunTime:0.001000s ]
INFO: [ app_init ] --END-- [ RunTime:0.001000s ]

[ 2018-11-05T15:23:49+08:00 ] 127.0.0.1 /cheng/admin.php/Admin/Goodsup/modgoods/gid/35
INFO: [ app_init ] --START--
INFO: Run Behavior\BuildLiteBehavior [ RunTime:0.000000s ]
INFO: [ app_init ] --END-- [ RunTime:0.001000s ]

[ 2018-11-05T16:52:29+08:00 ] 127.0.0.1 /cheng/admin.php/Admin/Goodsclass/index.html
INFO: [ app_init ] --START--
INFO: Run Behavior\BuildLiteBehavior [ RunTime:0.000000s ]
INFO: [ app_init ] --END-- [ RunTime:0.001000s ]

[ 2018-11-05T16:54:37+08:00 ] 127.0.0.1 /cheng/admin.php/Admin/Goodsclass/modifyClass/id/66.html
INFO: [ app_init ] --START--
INFO: Run Behavior\BuildLiteBehavior [ RunTime:0.000000s ]
INFO: [ app_init ] --END-- [ RunTime:0.000000s ]

[ 2018-11-05T16:58:33+08:00 ] 127.0.0.1 /cheng/admin.php/Admin/Goodsissue/index.html
INFO: [ app_init ] --START--
INFO: Run Behavior\BuildLiteBehavior [ RunTime:0.000000s ]
INFO: [ app_init ] --END-- [ RunTime:0.001000s ]

[ 2018-11-05T16:58:36+08:00 ] 127.0.0.1 /cheng/admin.php/Admin/Goodsup/index.html
INFO: [ app_init ] --START--
INFO: Run Behavior\BuildLiteBehavior [ RunTime:0.000000s ]
INFO: [ app_init ] --END-- [ RunTime:0.000000s ]

[ 2018-11-05T16:58:38+08:00 ] 127.0.0.1 /cheng/admin.php/Admin/Goodsup/modgoods/gid/35
INFO: [ app_init ] --START--
INFO: Run Behavior\BuildLiteBehavior [ RunTime:0.000000s ]
INFO: [ app_init ] --END-- [ RunTime:0.001000s ]

[ 2018-11-05T17:00:20+08:00 ] 127.0.0.1 /cheng/admin.php/Admin/Goodsissue/index.html
INFO: [ app_init ] --START--
INFO: Run Behavior\BuildLiteBehavior [ RunTime:0.000000s ]
INFO: [ app_init ] --END-- [ RunTime:0.001000s ]

[ 2018-11-05T17:00:23+08:00 ] 127.0.0.1 /cheng/admin.php/admin/goodsclass/viewclassid
INFO: [ app_init ] --START--
INFO: Run Behavior\BuildLiteBehavior [ RunTime:0.000000s ]
INFO: [ app_init ] --END-- [ RunTime:0.001000s ]
INFO: [ app_begin ] --START--
INFO: Run Behavior\ReadHtmlCacheBehavior [ RunTime:0.001000s ]
INFO: [ app_begin ] --END-- [ RunTime:0.001000s ]
NOTIC: [8192] mysql_connect(): The mysql extension is deprecated and will be removed in the future: use mysqli or PDO instead E:\phpstady\WWW\gecqkl\cheng\ThinkPHP\Library\Think\Db\Driver\Mysql.class.php 第 52 行.
SQL: SHOW COLUMNS FROM `ds_classify` [ RunTime:0.005001s ]
SQL: SELECT `cid`,`cname` FROM `ds_classify` WHERE ( `parentid` = '75' )  [ RunTime:0.000000s ]
INFO: [ app_end ] --START--
INFO: Run Behavior\ShowPageTraceBehavior [ RunTime:0.001000s ]
INFO: [ app_end ] --END-- [ RunTime:0.001000s ]

[ 2018-11-05T17:00:23+08:00 ] 127.0.0.1 /cheng/admin.php/admin/Goodsissue/goodsAttr
INFO: [ app_init ] --START--
INFO: Run Behavior\BuildLiteBehavior [ RunTime:0.000000s ]
INFO: [ app_init ] --END-- [ RunTime:0.001000s ]
INFO: [ app_begin ] --START--
INFO: Run Behavior\ReadHtmlCacheBehavior [ RunTime:0.000000s ]
INFO: [ app_begin ] --END-- [ RunTime:0.001000s ]
NOTIC: [8192] mysql_connect(): The mysql extension is deprecated and will be removed in the future: use mysqli or PDO instead E:\phpstady\WWW\gecqkl\cheng\ThinkPHP\Library\Think\Db\Driver\Mysql.class.php 第 52 行.
SQL: SHOW COLUMNS FROM `ds_classify` [ RunTime:0.005000s ]
SQL: SELECT `cpath` FROM `ds_classify` WHERE ( `cid` = 75 ) LIMIT 1   [ RunTime:0.000000s ]
SQL: SHOW COLUMNS FROM `ds_attribute` [ RunTime:0.004000s ]
ERR: 1146:Table 'gec.ds_attribute' doesn't exist
 [ SQL语句 ] : SHOW COLUMNS FROM `ds_attribute`
SQL: SHOW COLUMNS FROM `ds_goodstoattr` [ RunTime:0.004000s ]
ERR: 1146:Table 'gec.ds_goodstoattr' doesn't exist
 [ SQL语句 ] : SHOW COLUMNS FROM `ds_goodstoattr`
SQL: SELECT `attrid`,`attrname` FROM `ds_attribute` WHERE ( `cid` = '0' )  [ RunTime:0.000000s ]
ERR: 1146:Table 'gec.ds_attribute' doesn't exist
 [ SQL语句 ] : SELECT `attrid`,`attrname` FROM `ds_attribute` WHERE ( `cid` = '0' ) 
SQL: SELECT `attrid`,`attrname` FROM `ds_attribute` WHERE ( `cid` = '75' )  [ RunTime:0.000000s ]
ERR: 1146:Table 'gec.ds_attribute' doesn't exist
 [ SQL语句 ] : SELECT `attrid`,`attrname` FROM `ds_attribute` WHERE ( `cid` = '75' ) 
INFO: [ app_end ] --START--
INFO: Run Behavior\ShowPageTraceBehavior [ RunTime:0.000000s ]
INFO: [ app_end ] --END-- [ RunTime:0.000000s ]

[ 2018-11-05T17:00:23+08:00 ] 127.0.0.1 /cheng/admin.php/admin/Goodsissue/goodsBrand
INFO: [ app_init ] --START--
INFO: Run Behavior\BuildLiteBehavior [ RunTime:0.000000s ]
INFO: [ app_init ] --END-- [ RunTime:0.001000s ]
INFO: [ app_begin ] --START--
INFO: Run Behavior\ReadHtmlCacheBehavior [ RunTime:0.001000s ]
INFO: [ app_begin ] --END-- [ RunTime:0.001000s ]
NOTIC: [8192] mysql_connect(): The mysql extension is deprecated and will be removed in the future: use mysqli or PDO instead E:\phpstady\WWW\gecqkl\cheng\ThinkPHP\Library\Think\Db\Driver\Mysql.class.php 第 52 行.
SQL: SHOW COLUMNS FROM `ds_brandtoclass` [ RunTime:0.010001s ]
SQL: SHOW COLUMNS FROM `ds_brand` [ RunTime:0.021001s ]
SQL: SELECT `bid` FROM `ds_brandtoclass` WHERE ( `cid` = 75 )  [ RunTime:0.000000s ]
NOTIC: [2] Invalid argument supplied for foreach() E:\phpstady\WWW\gecqkl\cheng\Application\Admin\Controller\GoodsissueController.class.php 第 176 行.
NOTIC: [8] Undefined variable: brand_data E:\phpstady\WWW\gecqkl\cheng\Application\Admin\Controller\GoodsissueController.class.php 第 182 行.
INFO: [ app_end ] --START--
INFO: Run Behavior\ShowPageTraceBehavior [ RunTime:0.001000s ]
INFO: [ app_end ] --END-- [ RunTime:0.001000s ]

[ 2018-11-05T17:00:35+08:00 ] 127.0.0.1 /cheng/admin.php/Admin/Goodsup/index.html
INFO: [ app_init ] --START--
INFO: Run Behavior\BuildLiteBehavior [ RunTime:0.000000s ]
INFO: [ app_init ] --END-- [ RunTime:0.000000s ]

