[ 2018-10-29T14:45:07+08:00 ] 127.0.0.1 /cheng/admin.php/Admin/goodsclass/index.html
INFO: [ app_init ] --START--
INFO: Run Behavior\BuildLiteBehavior [ RunTime:0.000000s ]
INFO: [ app_init ] --END-- [ RunTime:0.002000s ]

[ 2018-10-29T14:45:07+08:00 ] 127.0.0.1 /cheng/admin.php/Admin/Login/index.html
INFO: [ app_init ] --START--
INFO: Run Behavior\BuildLiteBehavior [ RunTime:0.000000s ]
INFO: [ app_init ] --END-- [ RunTime:0.001000s ]

[ 2018-10-29T14:45:11+08:00 ] 127.0.0.1 /cheng/admin.php/admin/login/checklogin
INFO: [ app_init ] --START--
INFO: Run Behavior\BuildLiteBehavior [ RunTime:0.000000s ]
INFO: [ app_init ] --END-- [ RunTime:0.001000s ]

[ 2018-10-29T14:45:11+08:00 ] 127.0.0.1 /cheng/admin.php/Admin/Index/index.html
INFO: [ app_init ] --START--
INFO: Run Behavior\BuildLiteBehavior [ RunTime:0.000000s ]
INFO: [ app_init ] --END-- [ RunTime:0.001000s ]

[ 2018-10-29T14:45:14+08:00 ] 127.0.0.1 /cheng/admin.php/Admin/Goodsclass/index.html
INFO: [ app_init ] --START--
INFO: Run Behavior\BuildLiteBehavior [ RunTime:0.000000s ]
INFO: [ app_init ] --END-- [ RunTime:0.001000s ]

[ 2018-10-29T14:45:16+08:00 ] 127.0.0.1 /cheng/admin.php/Admin/Goodsclass/ajaxclass
INFO: [ app_init ] --START--
INFO: Run Behavior\BuildLiteBehavior [ RunTime:0.001000s ]
INFO: [ app_init ] --END-- [ RunTime:0.002000s ]
INFO: [ app_begin ] --START--
INFO: Run Behavior\ReadHtmlCacheBehavior [ RunTime:0.001000s ]
INFO: [ app_begin ] --END-- [ RunTime:0.001000s ]
NOTIC: [8192] mysql_connect(): The mysql extension is deprecated and will be removed in the future: use mysqli or PDO instead E:\phpstady\WWW\gecqkl\cheng\ThinkPHP\Library\Think\Db\Driver\Mysql.class.php 第 52 行.
SQL: SHOW COLUMNS FROM `ds_classify` [ RunTime:0.003000s ]
SQL: SELECT * FROM `ds_classify` WHERE ( parentid = 66 )  [ RunTime:0.001000s ]

[ 2018-10-29T14:45:18+08:00 ] 127.0.0.1 /cheng/admin.php/Admin/Goodsissue/index.html
INFO: [ app_init ] --START--
INFO: Run Behavior\BuildLiteBehavior [ RunTime:0.000000s ]
INFO: [ app_init ] --END-- [ RunTime:0.001000s ]

[ 2018-10-29T14:45:21+08:00 ] 127.0.0.1 /cheng/admin.php/Admin/Goodsup/index.html
INFO: [ app_init ] --START--
INFO: Run Behavior\BuildLiteBehavior [ RunTime:0.000000s ]
INFO: [ app_init ] --END-- [ RunTime:0.001001s ]

[ 2018-10-29T14:45:23+08:00 ] 127.0.0.1 /cheng/admin.php/Admin/Goodsup/modgoods/gid/30
INFO: [ app_init ] --START--
INFO: Run Behavior\BuildLiteBehavior [ RunTime:0.000000s ]
INFO: [ app_init ] --END-- [ RunTime:0.000000s ]

[ 2018-10-29T14:45:33+08:00 ] 127.0.0.1 /cheng/admin.php/Admin/Goodsclass/index.html
INFO: [ app_init ] --START--
INFO: Run Behavior\BuildLiteBehavior [ RunTime:0.000000s ]
INFO: [ app_init ] --END-- [ RunTime:0.001000s ]

[ 2018-10-29T14:45:38+08:00 ] 127.0.0.1 /cheng/admin.php/Admin/Goodsup/index.html
INFO: [ app_init ] --START--
INFO: Run Behavior\BuildLiteBehavior [ RunTime:0.000000s ]
INFO: [ app_init ] --END-- [ RunTime:0.002000s ]

[ 2018-10-29T14:45:40+08:00 ] 127.0.0.1 /cheng/admin.php/Admin/Goodsup/modgoods/gid/30
INFO: [ app_init ] --START--
INFO: Run Behavior\BuildLiteBehavior [ RunTime:0.000000s ]
INFO: [ app_init ] --END-- [ RunTime:0.001000s ]

[ 2018-10-29T14:45:43+08:00 ] 127.0.0.1 /cheng/admin.php/Admin/Goodsclass/index.html
INFO: [ app_init ] --START--
INFO: Run Behavior\BuildLiteBehavior [ RunTime:0.000000s ]
INFO: [ app_init ] --END-- [ RunTime:0.001000s ]

[ 2018-10-29T14:45:47+08:00 ] 127.0.0.1 /cheng/admin.php/Admin/Goodsissue/index.html
INFO: [ app_init ] --START--
INFO: Run Behavior\BuildLiteBehavior [ RunTime:0.000000s ]
INFO: [ app_init ] --END-- [ RunTime:0.001000s ]

[ 2018-10-29T14:45:49+08:00 ] 127.0.0.1 /cheng/admin.php/admin/goodsclass/viewclassid
INFO: [ app_init ] --START--
INFO: Run Behavior\BuildLiteBehavior [ RunTime:0.000000s ]
INFO: [ app_init ] --END-- [ RunTime:0.000000s ]
INFO: [ app_begin ] --START--
INFO: Run Behavior\ReadHtmlCacheBehavior [ RunTime:0.001000s ]
INFO: [ app_begin ] --END-- [ RunTime:0.001000s ]
NOTIC: [8192] mysql_connect(): The mysql extension is deprecated and will be removed in the future: use mysqli or PDO instead E:\phpstady\WWW\gecqkl\cheng\ThinkPHP\Library\Think\Db\Driver\Mysql.class.php 第 52 行.
SQL: SHOW COLUMNS FROM `ds_classify` [ RunTime:0.004000s ]
SQL: SELECT `cid`,`cname` FROM `ds_classify` WHERE ( `parentid` = '66' )  [ RunTime:0.000000s ]
INFO: [ app_end ] --START--
INFO: Run Behavior\ShowPageTraceBehavior [ RunTime:0.001000s ]
INFO: [ app_end ] --END-- [ RunTime:0.001000s ]

[ 2018-10-29T14:45:51+08:00 ] 127.0.0.1 /cheng/admin.php/admin/goodsclass/viewclassid
INFO: [ app_init ] --START--
INFO: Run Behavior\BuildLiteBehavior [ RunTime:0.000000s ]
INFO: [ app_init ] --END-- [ RunTime:0.001000s ]
INFO: [ app_begin ] --START--
INFO: Run Behavior\ReadHtmlCacheBehavior [ RunTime:0.001000s ]
INFO: [ app_begin ] --END-- [ RunTime:0.001000s ]
NOTIC: [8192] mysql_connect(): The mysql extension is deprecated and will be removed in the future: use mysqli or PDO instead E:\phpstady\WWW\gecqkl\cheng\ThinkPHP\Library\Think\Db\Driver\Mysql.class.php 第 52 行.
SQL: SHOW COLUMNS FROM `ds_classify` [ RunTime:0.007000s ]
SQL: SELECT `cid`,`cname` FROM `ds_classify` WHERE ( `parentid` = '238' )  [ RunTime:0.000000s ]
INFO: [ app_end ] --START--
INFO: Run Behavior\ShowPageTraceBehavior [ RunTime:0.001000s ]
INFO: [ app_end ] --END-- [ RunTime:0.002000s ]

[ 2018-10-29T14:45:52+08:00 ] 127.0.0.1 /cheng/admin.php/admin/goodsclass/viewclassid
INFO: [ app_init ] --START--
INFO: Run Behavior\BuildLiteBehavior [ RunTime:0.000000s ]
INFO: [ app_init ] --END-- [ RunTime:0.001000s ]
INFO: [ app_begin ] --START--
INFO: Run Behavior\ReadHtmlCacheBehavior [ RunTime:0.001000s ]
INFO: [ app_begin ] --END-- [ RunTime:0.001000s ]
NOTIC: [8192] mysql_connect(): The mysql extension is deprecated and will be removed in the future: use mysqli or PDO instead E:\phpstady\WWW\gecqkl\cheng\ThinkPHP\Library\Think\Db\Driver\Mysql.class.php 第 52 行.
SQL: SHOW COLUMNS FROM `ds_classify` [ RunTime:0.004000s ]
SQL: SELECT `cid`,`cname` FROM `ds_classify` WHERE ( `parentid` = '245' )  [ RunTime:0.001000s ]
INFO: [ app_end ] --START--
INFO: Run Behavior\ShowPageTraceBehavior [ RunTime:0.000000s ]
INFO: [ app_end ] --END-- [ RunTime:0.000000s ]

[ 2018-10-29T14:45:52+08:00 ] 127.0.0.1 /cheng/admin.php/admin/Goodsissue/goodsAttr
INFO: [ app_init ] --START--
INFO: Run Behavior\BuildLiteBehavior [ RunTime:0.000000s ]
INFO: [ app_init ] --END-- [ RunTime:0.001000s ]
INFO: [ app_begin ] --START--
INFO: Run Behavior\ReadHtmlCacheBehavior [ RunTime:0.001000s ]
INFO: [ app_begin ] --END-- [ RunTime:0.001000s ]
NOTIC: [8192] mysql_connect(): The mysql extension is deprecated and will be removed in the future: use mysqli or PDO instead E:\phpstady\WWW\gecqkl\cheng\ThinkPHP\Library\Think\Db\Driver\Mysql.class.php 第 52 行.
SQL: SHOW COLUMNS FROM `ds_classify` [ RunTime:0.004000s ]
SQL: SELECT `cpath` FROM `ds_classify` WHERE ( `cid` = 245 ) LIMIT 1   [ RunTime:0.000000s ]
SQL: SHOW COLUMNS FROM `ds_attribute` [ RunTime:0.004000s ]
ERR: 1146:Table 'gec.ds_attribute' doesn't exist
 [ SQL语句 ] : SHOW COLUMNS FROM `ds_attribute`
SQL: SHOW COLUMNS FROM `ds_goodstoattr` [ RunTime:0.004000s ]
ERR: 1146:Table 'gec.ds_goodstoattr' doesn't exist
 [ SQL语句 ] : SHOW COLUMNS FROM `ds_goodstoattr`
SQL: SELECT `attrid`,`attrname` FROM `ds_attribute` WHERE ( `cid` = '0' )  [ RunTime:0.000000s ]
ERR: 1146:Table 'gec.ds_attribute' doesn't exist
 [ SQL语句 ] : SELECT `attrid`,`attrname` FROM `ds_attribute` WHERE ( `cid` = '0' ) 
SQL: SELECT `attrid`,`attrname` FROM `ds_attribute` WHERE ( `cid` = '245' )  [ RunTime:0.001000s ]
ERR: 1146:Table 'gec.ds_attribute' doesn't exist
 [ SQL语句 ] : SELECT `attrid`,`attrname` FROM `ds_attribute` WHERE ( `cid` = '245' ) 
INFO: [ app_end ] --START--
INFO: Run Behavior\ShowPageTraceBehavior [ RunTime:0.001000s ]
INFO: [ app_end ] --END-- [ RunTime:0.001000s ]

[ 2018-10-29T14:45:52+08:00 ] 127.0.0.1 /cheng/admin.php/admin/Goodsissue/goodsBrand
INFO: [ app_init ] --START--
INFO: Run Behavior\BuildLiteBehavior [ RunTime:0.000000s ]
INFO: [ app_init ] --END-- [ RunTime:0.000000s ]
INFO: [ app_begin ] --START--
INFO: Run Behavior\ReadHtmlCacheBehavior [ RunTime:0.001000s ]
INFO: [ app_begin ] --END-- [ RunTime:0.001000s ]
NOTIC: [8192] mysql_connect(): The mysql extension is deprecated and will be removed in the future: use mysqli or PDO instead E:\phpstady\WWW\gecqkl\cheng\ThinkPHP\Library\Think\Db\Driver\Mysql.class.php 第 52 行.
SQL: SHOW COLUMNS FROM `ds_brandtoclass` [ RunTime:0.038002s ]
SQL: SHOW COLUMNS FROM `ds_brand` [ RunTime:0.037002s ]
SQL: SELECT `bid` FROM `ds_brandtoclass` WHERE ( `cid` = 245 )  [ RunTime:0.000000s ]
NOTIC: [2] Invalid argument supplied for foreach() E:\phpstady\WWW\gecqkl\cheng\Application\Admin\Controller\GoodsissueController.class.php 第 176 行.
NOTIC: [8] Undefined variable: brand_data E:\phpstady\WWW\gecqkl\cheng\Application\Admin\Controller\GoodsissueController.class.php 第 182 行.
INFO: [ app_end ] --START--
INFO: Run Behavior\ShowPageTraceBehavior [ RunTime:0.001000s ]
INFO: [ app_end ] --END-- [ RunTime:0.001000s ]

[ 2018-10-29T14:46:18+08:00 ] 127.0.0.1 /cheng/admin.php/Admin/Goodsissue/insertGd
INFO: [ app_init ] --START--
INFO: Run Behavior\BuildLiteBehavior [ RunTime:0.000000s ]
INFO: [ app_init ] --END-- [ RunTime:0.001000s ]

[ 2018-10-29T14:46:19+08:00 ] 127.0.0.1 /cheng/admin.php/Admin/Goodsissue/index
INFO: [ app_init ] --START--
INFO: Run Behavior\BuildLiteBehavior [ RunTime:0.000000s ]
INFO: [ app_init ] --END-- [ RunTime:0.001000s ]

[ 2018-10-29T14:46:20+08:00 ] 127.0.0.1 /cheng/admin.php/Admin/Goodsbrand/index.html
INFO: [ app_init ] --START--
INFO: Run Behavior\BuildLiteBehavior [ RunTime:0.000000s ]
INFO: [ app_init ] --END-- [ RunTime:0.001000s ]

[ 2018-10-29T14:46:32+08:00 ] 127.0.0.1 /cheng/admin.php/Admin/Goodsissue/index.html
INFO: [ app_init ] --START--
INFO: Run Behavior\BuildLiteBehavior [ RunTime:0.000000s ]
INFO: [ app_init ] --END-- [ RunTime:0.001000s ]

[ 2018-10-29T14:46:34+08:00 ] 127.0.0.1 /cheng/admin.php/admin/goodsclass/viewclassid
INFO: [ app_init ] --START--
INFO: Run Behavior\BuildLiteBehavior [ RunTime:0.000000s ]
INFO: [ app_init ] --END-- [ RunTime:0.000000s ]
INFO: [ app_begin ] --START--
INFO: Run Behavior\ReadHtmlCacheBehavior [ RunTime:0.002000s ]
INFO: [ app_begin ] --END-- [ RunTime:0.002000s ]
NOTIC: [8192] mysql_connect(): The mysql extension is deprecated and will be removed in the future: use mysqli or PDO instead E:\phpstady\WWW\gecqkl\cheng\ThinkPHP\Library\Think\Db\Driver\Mysql.class.php 第 52 行.
SQL: SHOW COLUMNS FROM `ds_classify` [ RunTime:0.006000s ]
SQL: SELECT `cid`,`cname` FROM `ds_classify` WHERE ( `parentid` = '66' )  [ RunTime:0.001000s ]
INFO: [ app_end ] --START--
INFO: Run Behavior\ShowPageTraceBehavior [ RunTime:0.001000s ]
INFO: [ app_end ] --END-- [ RunTime:0.001000s ]

[ 2018-10-29T14:46:36+08:00 ] 127.0.0.1 /cheng/admin.php/admin/goodsclass/viewclassid
INFO: [ app_init ] --START--
INFO: Run Behavior\BuildLiteBehavior [ RunTime:0.000000s ]
INFO: [ app_init ] --END-- [ RunTime:0.001000s ]
INFO: [ app_begin ] --START--
INFO: Run Behavior\ReadHtmlCacheBehavior [ RunTime:0.001000s ]
INFO: [ app_begin ] --END-- [ RunTime:0.002000s ]
NOTIC: [8192] mysql_connect(): The mysql extension is deprecated and will be removed in the future: use mysqli or PDO instead E:\phpstady\WWW\gecqkl\cheng\ThinkPHP\Library\Think\Db\Driver\Mysql.class.php 第 52 行.
SQL: SHOW COLUMNS FROM `ds_classify` [ RunTime:0.005001s ]
SQL: SELECT `cid`,`cname` FROM `ds_classify` WHERE ( `parentid` = '238' )  [ RunTime:0.001000s ]
INFO: [ app_end ] --START--
INFO: Run Behavior\ShowPageTraceBehavior [ RunTime:0.001000s ]
INFO: [ app_end ] --END-- [ RunTime:0.001000s ]

[ 2018-10-29T14:46:38+08:00 ] 127.0.0.1 /cheng/admin.php/admin/goodsclass/viewclassid
INFO: [ app_init ] --START--
INFO: Run Behavior\BuildLiteBehavior [ RunTime:0.000000s ]
INFO: [ app_init ] --END-- [ RunTime:0.001000s ]
INFO: [ app_begin ] --START--
INFO: Run Behavior\ReadHtmlCacheBehavior [ RunTime:0.001000s ]
INFO: [ app_begin ] --END-- [ RunTime:0.001000s ]
NOTIC: [8192] mysql_connect(): The mysql extension is deprecated and will be removed in the future: use mysqli or PDO instead E:\phpstady\WWW\gecqkl\cheng\ThinkPHP\Library\Think\Db\Driver\Mysql.class.php 第 52 行.
SQL: SHOW COLUMNS FROM `ds_classify` [ RunTime:0.004000s ]
SQL: SELECT `cid`,`cname` FROM `ds_classify` WHERE ( `parentid` = '240' )  [ RunTime:0.000000s ]
INFO: [ app_end ] --START--
INFO: Run Behavior\ShowPageTraceBehavior [ RunTime:0.001000s ]
INFO: [ app_end ] --END-- [ RunTime:0.001000s ]

[ 2018-10-29T14:46:40+08:00 ] 127.0.0.1 /cheng/admin.php/admin/goodsclass/viewclassid
INFO: [ app_init ] --START--
INFO: Run Behavior\BuildLiteBehavior [ RunTime:0.000000s ]
INFO: [ app_init ] --END-- [ RunTime:0.001000s ]
INFO: [ app_begin ] --START--
INFO: Run Behavior\ReadHtmlCacheBehavior [ RunTime:0.001000s ]
INFO: [ app_begin ] --END-- [ RunTime:0.001000s ]
NOTIC: [8192] mysql_connect(): The mysql extension is deprecated and will be removed in the future: use mysqli or PDO instead E:\phpstady\WWW\gecqkl\cheng\ThinkPHP\Library\Think\Db\Driver\Mysql.class.php 第 52 行.
SQL: SHOW COLUMNS FROM `ds_classify` [ RunTime:0.003000s ]
SQL: SELECT `cid`,`cname` FROM `ds_classify` WHERE ( `parentid` = '237' )  [ RunTime:0.000000s ]
INFO: [ app_end ] --START--
INFO: Run Behavior\ShowPageTraceBehavior [ RunTime:0.001000s ]
INFO: [ app_end ] --END-- [ RunTime:0.001000s ]

[ 2018-10-29T14:46:41+08:00 ] 127.0.0.1 /cheng/admin.php/admin/goodsclass/viewclassid
INFO: [ app_init ] --START--
INFO: Run Behavior\BuildLiteBehavior [ RunTime:0.000000s ]
INFO: [ app_init ] --END-- [ RunTime:0.001000s ]
INFO: [ app_begin ] --START--
INFO: Run Behavior\ReadHtmlCacheBehavior [ RunTime:0.002000s ]
INFO: [ app_begin ] --END-- [ RunTime:0.002000s ]
NOTIC: [8192] mysql_connect(): The mysql extension is deprecated and will be removed in the future: use mysqli or PDO instead E:\phpstady\WWW\gecqkl\cheng\ThinkPHP\Library\Think\Db\Driver\Mysql.class.php 第 52 行.
SQL: SHOW COLUMNS FROM `ds_classify` [ RunTime:0.004000s ]
SQL: SELECT `cid`,`cname` FROM `ds_classify` WHERE ( `parentid` = '236' )  [ RunTime:0.000000s ]
INFO: [ app_end ] --START--
INFO: Run Behavior\ShowPageTraceBehavior [ RunTime:0.000000s ]
INFO: [ app_end ] --END-- [ RunTime:0.001000s ]

[ 2018-10-29T14:46:41+08:00 ] 127.0.0.1 /cheng/admin.php/admin/Goodsissue/goodsBrand
INFO: [ app_init ] --START--
INFO: Run Behavior\BuildLiteBehavior [ RunTime:0.000000s ]
INFO: [ app_init ] --END-- [ RunTime:0.001000s ]
INFO: [ app_begin ] --START--
INFO: Run Behavior\ReadHtmlCacheBehavior [ RunTime:0.001000s ]
INFO: [ app_begin ] --END-- [ RunTime:0.001000s ]
NOTIC: [8192] mysql_connect(): The mysql extension is deprecated and will be removed in the future: use mysqli or PDO instead E:\phpstady\WWW\gecqkl\cheng\ThinkPHP\Library\Think\Db\Driver\Mysql.class.php 第 52 行.
SQL: SHOW COLUMNS FROM `ds_brandtoclass` [ RunTime:0.003000s ]
SQL: SHOW COLUMNS FROM `ds_brand` [ RunTime:0.003000s ]
SQL: SELECT `bid` FROM `ds_brandtoclass` WHERE ( `cid` = 236 )  [ RunTime:0.000000s ]
SQL: SELECT `bid`,`bname` FROM `ds_brand` WHERE ( `bid` = 1 ) LIMIT 1   [ RunTime:0.000000s ]
INFO: [ app_end ] --START--
INFO: Run Behavior\ShowPageTraceBehavior [ RunTime:0.001000s ]
INFO: [ app_end ] --END-- [ RunTime:0.001000s ]

[ 2018-10-29T14:46:41+08:00 ] 127.0.0.1 /cheng/admin.php/admin/Goodsissue/goodsAttr
INFO: [ app_init ] --START--
INFO: Run Behavior\BuildLiteBehavior [ RunTime:0.000000s ]
INFO: [ app_init ] --END-- [ RunTime:0.001000s ]
INFO: [ app_begin ] --START--
INFO: Run Behavior\ReadHtmlCacheBehavior [ RunTime:0.001000s ]
INFO: [ app_begin ] --END-- [ RunTime:0.001000s ]
NOTIC: [8192] mysql_connect(): The mysql extension is deprecated and will be removed in the future: use mysqli or PDO instead E:\phpstady\WWW\gecqkl\cheng\ThinkPHP\Library\Think\Db\Driver\Mysql.class.php 第 52 行.
SQL: SHOW COLUMNS FROM `ds_classify` [ RunTime:0.003000s ]
SQL: SELECT `cpath` FROM `ds_classify` WHERE ( `cid` = 236 ) LIMIT 1   [ RunTime:0.000000s ]
SQL: SHOW COLUMNS FROM `ds_attribute` [ RunTime:0.003000s ]
ERR: 1146:Table 'gec.ds_attribute' doesn't exist
 [ SQL语句 ] : SHOW COLUMNS FROM `ds_attribute`
SQL: SHOW COLUMNS FROM `ds_goodstoattr` [ RunTime:0.004000s ]
ERR: 1146:Table 'gec.ds_goodstoattr' doesn't exist
 [ SQL语句 ] : SHOW COLUMNS FROM `ds_goodstoattr`
SQL: SELECT `attrid`,`attrname` FROM `ds_attribute` WHERE ( `cid` = '0' )  [ RunTime:0.001001s ]
ERR: 1146:Table 'gec.ds_attribute' doesn't exist
 [ SQL语句 ] : SELECT `attrid`,`attrname` FROM `ds_attribute` WHERE ( `cid` = '0' ) 
SQL: SELECT `attrid`,`attrname` FROM `ds_attribute` WHERE ( `cid` = '66' )  [ RunTime:0.000000s ]
ERR: 1146:Table 'gec.ds_attribute' doesn't exist
 [ SQL语句 ] : SELECT `attrid`,`attrname` FROM `ds_attribute` WHERE ( `cid` = '66' ) 
SQL: SELECT `attrid`,`attrname` FROM `ds_attribute` WHERE ( `cid` = '236' )  [ RunTime:0.001000s ]
ERR: 1146:Table 'gec.ds_attribute' doesn't exist
 [ SQL语句 ] : SELECT `attrid`,`attrname` FROM `ds_attribute` WHERE ( `cid` = '236' ) 
INFO: [ app_end ] --START--
INFO: Run Behavior\ShowPageTraceBehavior [ RunTime:0.001000s ]
INFO: [ app_end ] --END-- [ RunTime:0.001000s ]

[ 2018-10-29T14:46:51+08:00 ] 127.0.0.1 /cheng/admin.php/Admin/Goodsbrand/index.html
INFO: [ app_init ] --START--
INFO: Run Behavior\BuildLiteBehavior [ RunTime:0.000000s ]
INFO: [ app_init ] --END-- [ RunTime:0.001000s ]

[ 2018-10-29T14:46:55+08:00 ] 127.0.0.1 /cheng/admin.php/Admin/Goodsbrand/modifyBrand/id/1.html
INFO: [ app_init ] --START--
INFO: Run Behavior\BuildLiteBehavior [ RunTime:0.000000s ]
INFO: [ app_init ] --END-- [ RunTime:0.001000s ]

[ 2018-10-29T14:47:00+08:00 ] 127.0.0.1 /cheng/admin.php/Admin/Goodsbrand/updataBrand.html
INFO: [ app_init ] --START--
INFO: Run Behavior\BuildLiteBehavior [ RunTime:0.000000s ]
INFO: [ app_init ] --END-- [ RunTime:0.000000s ]

[ 2018-10-29T14:47:00+08:00 ] 127.0.0.1 /cheng/admin.php/Admin/Goodsbrand/index.html
INFO: [ app_init ] --START--
INFO: Run Behavior\BuildLiteBehavior [ RunTime:0.000000s ]
INFO: [ app_init ] --END-- [ RunTime:0.000000s ]

[ 2018-10-29T14:47:04+08:00 ] 127.0.0.1 /cheng/admin.php/Admin/Goodsclass/index.html
INFO: [ app_init ] --START--
INFO: Run Behavior\BuildLiteBehavior [ RunTime:0.000000s ]
INFO: [ app_init ] --END-- [ RunTime:0.001000s ]

[ 2018-10-29T14:47:05+08:00 ] 127.0.0.1 /cheng/admin.php/Admin/Goodsissue/index.html
INFO: [ app_init ] --START--
INFO: Run Behavior\BuildLiteBehavior [ RunTime:0.000000s ]
INFO: [ app_init ] --END-- [ RunTime:0.001000s ]

[ 2018-10-29T14:47:10+08:00 ] 127.0.0.1 /cheng/admin.php/admin/goodsclass/viewclassid
INFO: [ app_init ] --START--
INFO: Run Behavior\BuildLiteBehavior [ RunTime:0.000000s ]
INFO: [ app_init ] --END-- [ RunTime:0.000000s ]
INFO: [ app_begin ] --START--
INFO: Run Behavior\ReadHtmlCacheBehavior [ RunTime:0.001000s ]
INFO: [ app_begin ] --END-- [ RunTime:0.001000s ]
NOTIC: [8192] mysql_connect(): The mysql extension is deprecated and will be removed in the future: use mysqli or PDO instead E:\phpstady\WWW\gecqkl\cheng\ThinkPHP\Library\Think\Db\Driver\Mysql.class.php 第 52 行.
SQL: SHOW COLUMNS FROM `ds_classify` [ RunTime:0.004000s ]
SQL: SELECT `cid`,`cname` FROM `ds_classify` WHERE ( `parentid` = '66' )  [ RunTime:0.000000s ]
INFO: [ app_end ] --START--
INFO: Run Behavior\ShowPageTraceBehavior [ RunTime:0.001000s ]
INFO: [ app_end ] --END-- [ RunTime:0.001000s ]

[ 2018-10-29T14:47:12+08:00 ] 127.0.0.1 /cheng/admin.php/admin/goodsclass/viewclassid
INFO: [ app_init ] --START--
INFO: Run Behavior\BuildLiteBehavior [ RunTime:0.000000s ]
INFO: [ app_init ] --END-- [ RunTime:0.001000s ]
INFO: [ app_begin ] --START--
INFO: Run Behavior\ReadHtmlCacheBehavior [ RunTime:0.002000s ]
INFO: [ app_begin ] --END-- [ RunTime:0.002000s ]
NOTIC: [8192] mysql_connect(): The mysql extension is deprecated and will be removed in the future: use mysqli or PDO instead E:\phpstady\WWW\gecqkl\cheng\ThinkPHP\Library\Think\Db\Driver\Mysql.class.php 第 52 行.
SQL: SHOW COLUMNS FROM `ds_classify` [ RunTime:0.004000s ]
SQL: SELECT `cid`,`cname` FROM `ds_classify` WHERE ( `parentid` = '240' )  [ RunTime:0.001000s ]
INFO: [ app_end ] --START--
INFO: Run Behavior\ShowPageTraceBehavior [ RunTime:0.001000s ]
INFO: [ app_end ] --END-- [ RunTime:0.001000s ]

[ 2018-10-29T14:47:14+08:00 ] 127.0.0.1 /cheng/admin.php/admin/goodsclass/viewclassid
INFO: [ app_init ] --START--
INFO: Run Behavior\BuildLiteBehavior [ RunTime:0.000000s ]
INFO: [ app_init ] --END-- [ RunTime:0.001000s ]
INFO: [ app_begin ] --START--
INFO: Run Behavior\ReadHtmlCacheBehavior [ RunTime:0.001000s ]
INFO: [ app_begin ] --END-- [ RunTime:0.001000s ]
NOTIC: [8192] mysql_connect(): The mysql extension is deprecated and will be removed in the future: use mysqli or PDO instead E:\phpstady\WWW\gecqkl\cheng\ThinkPHP\Library\Think\Db\Driver\Mysql.class.php 第 52 行.
SQL: SHOW COLUMNS FROM `ds_classify` [ RunTime:0.004000s ]
SQL: SELECT `cid`,`cname` FROM `ds_classify` WHERE ( `parentid` = '237' )  [ RunTime:0.000000s ]
INFO: [ app_end ] --START--
INFO: Run Behavior\ShowPageTraceBehavior [ RunTime:0.001000s ]
INFO: [ app_end ] --END-- [ RunTime:0.001000s ]

[ 2018-10-29T14:47:15+08:00 ] 127.0.0.1 /cheng/admin.php/admin/goodsclass/viewclassid
INFO: [ app_init ] --START--
INFO: Run Behavior\BuildLiteBehavior [ RunTime:0.000000s ]
INFO: [ app_init ] --END-- [ RunTime:0.001001s ]
INFO: [ app_begin ] --START--
INFO: Run Behavior\ReadHtmlCacheBehavior [ RunTime:0.002000s ]
INFO: [ app_begin ] --END-- [ RunTime:0.002000s ]
NOTIC: [8192] mysql_connect(): The mysql extension is deprecated and will be removed in the future: use mysqli or PDO instead E:\phpstady\WWW\gecqkl\cheng\ThinkPHP\Library\Think\Db\Driver\Mysql.class.php 第 52 行.
SQL: SHOW COLUMNS FROM `ds_classify` [ RunTime:0.004001s ]
SQL: SELECT `cid`,`cname` FROM `ds_classify` WHERE ( `parentid` = '246' )  [ RunTime:0.000000s ]
INFO: [ app_end ] --START--
INFO: Run Behavior\ShowPageTraceBehavior [ RunTime:0.001000s ]
INFO: [ app_end ] --END-- [ RunTime:0.001000s ]

[ 2018-10-29T14:47:15+08:00 ] 127.0.0.1 /cheng/admin.php/admin/Goodsissue/goodsAttr
INFO: [ app_init ] --START--
INFO: Run Behavior\BuildLiteBehavior [ RunTime:0.000000s ]
INFO: [ app_init ] --END-- [ RunTime:0.001000s ]
INFO: [ app_begin ] --START--
INFO: Run Behavior\ReadHtmlCacheBehavior [ RunTime:0.001000s ]
INFO: [ app_begin ] --END-- [ RunTime:0.001000s ]
NOTIC: [8192] mysql_connect(): The mysql extension is deprecated and will be removed in the future: use mysqli or PDO instead E:\phpstady\WWW\gecqkl\cheng\ThinkPHP\Library\Think\Db\Driver\Mysql.class.php 第 52 行.
SQL: SHOW COLUMNS FROM `ds_classify` [ RunTime:0.004000s ]
SQL: SELECT `cpath` FROM `ds_classify` WHERE ( `cid` = 246 ) LIMIT 1   [ RunTime:0.000000s ]
SQL: SHOW COLUMNS FROM `ds_attribute` [ RunTime:0.004000s ]
ERR: 1146:Table 'gec.ds_attribute' doesn't exist
 [ SQL语句 ] : SHOW COLUMNS FROM `ds_attribute`
SQL: SHOW COLUMNS FROM `ds_goodstoattr` [ RunTime:0.003000s ]
ERR: 1146:Table 'gec.ds_goodstoattr' doesn't exist
 [ SQL语句 ] : SHOW COLUMNS FROM `ds_goodstoattr`
SQL: SELECT `attrid`,`attrname` FROM `ds_attribute` WHERE ( `cid` = '0' )  [ RunTime:0.000000s ]
ERR: 1146:Table 'gec.ds_attribute' doesn't exist
 [ SQL语句 ] : SELECT `attrid`,`attrname` FROM `ds_attribute` WHERE ( `cid` = '0' ) 
SQL: SELECT `attrid`,`attrname` FROM `ds_attribute` WHERE ( `cid` = '66' )  [ RunTime:0.000000s ]
ERR: 1146:Table 'gec.ds_attribute' doesn't exist
 [ SQL语句 ] : SELECT `attrid`,`attrname` FROM `ds_attribute` WHERE ( `cid` = '66' ) 
SQL: SELECT `attrid`,`attrname` FROM `ds_attribute` WHERE ( `cid` = '237' )  [ RunTime:0.001000s ]
ERR: 1146:Table 'gec.ds_attribute' doesn't exist
 [ SQL语句 ] : SELECT `attrid`,`attrname` FROM `ds_attribute` WHERE ( `cid` = '237' ) 
SQL: SELECT `attrid`,`attrname` FROM `ds_attribute` WHERE ( `cid` = '246' )  [ RunTime:0.000000s ]
ERR: 1146:Table 'gec.ds_attribute' doesn't exist
 [ SQL语句 ] : SELECT `attrid`,`attrname` FROM `ds_attribute` WHERE ( `cid` = '246' ) 
INFO: [ app_end ] --START--
INFO: Run Behavior\ShowPageTraceBehavior [ RunTime:0.001001s ]
INFO: [ app_end ] --END-- [ RunTime:0.001001s ]

[ 2018-10-29T14:47:15+08:00 ] 127.0.0.1 /cheng/admin.php/admin/Goodsissue/goodsBrand
INFO: [ app_init ] --START--
INFO: Run Behavior\BuildLiteBehavior [ RunTime:0.000000s ]
INFO: [ app_init ] --END-- [ RunTime:0.001000s ]
INFO: [ app_begin ] --START--
INFO: Run Behavior\ReadHtmlCacheBehavior [ RunTime:0.001000s ]
INFO: [ app_begin ] --END-- [ RunTime:0.001000s ]
NOTIC: [8192] mysql_connect(): The mysql extension is deprecated and will be removed in the future: use mysqli or PDO instead E:\phpstady\WWW\gecqkl\cheng\ThinkPHP\Library\Think\Db\Driver\Mysql.class.php 第 52 行.
SQL: SHOW COLUMNS FROM `ds_brandtoclass` [ RunTime:0.004000s ]
SQL: SHOW COLUMNS FROM `ds_brand` [ RunTime:0.004001s ]
SQL: SELECT `bid` FROM `ds_brandtoclass` WHERE ( `cid` = 246 )  [ RunTime:0.000000s ]
SQL: SELECT `bid`,`bname` FROM `ds_brand` WHERE ( `bid` = 1 ) LIMIT 1   [ RunTime:0.000000s ]
INFO: [ app_end ] --START--
INFO: Run Behavior\ShowPageTraceBehavior [ RunTime:0.001000s ]
INFO: [ app_end ] --END-- [ RunTime:0.001000s ]

[ 2018-10-29T14:47:19+08:00 ] 127.0.0.1 /cheng/admin.php/admin/goodsclass/viewclassid
INFO: [ app_init ] --START--
INFO: Run Behavior\BuildLiteBehavior [ RunTime:0.000000s ]
INFO: [ app_init ] --END-- [ RunTime:0.001000s ]
INFO: [ app_begin ] --START--
INFO: Run Behavior\ReadHtmlCacheBehavior [ RunTime:0.002000s ]
INFO: [ app_begin ] --END-- [ RunTime:0.002000s ]
NOTIC: [8192] mysql_connect(): The mysql extension is deprecated and will be removed in the future: use mysqli or PDO instead E:\phpstady\WWW\gecqkl\cheng\ThinkPHP\Library\Think\Db\Driver\Mysql.class.php 第 52 行.
SQL: SHOW COLUMNS FROM `ds_classify` [ RunTime:0.004000s ]
SQL: SELECT `cid`,`cname` FROM `ds_classify` WHERE ( `parentid` = '238' )  [ RunTime:0.001000s ]
INFO: [ app_end ] --START--
INFO: Run Behavior\ShowPageTraceBehavior [ RunTime:0.001000s ]
INFO: [ app_end ] --END-- [ RunTime:0.001000s ]

[ 2018-10-29T14:47:20+08:00 ] 127.0.0.1 /cheng/admin.php/admin/goodsclass/viewclassid
INFO: [ app_init ] --START--
INFO: Run Behavior\BuildLiteBehavior [ RunTime:0.000000s ]
INFO: [ app_init ] --END-- [ RunTime:0.001000s ]
INFO: [ app_begin ] --START--
INFO: Run Behavior\ReadHtmlCacheBehavior [ RunTime:0.001000s ]
INFO: [ app_begin ] --END-- [ RunTime:0.001000s ]
NOTIC: [8192] mysql_connect(): The mysql extension is deprecated and will be removed in the future: use mysqli or PDO instead E:\phpstady\WWW\gecqkl\cheng\ThinkPHP\Library\Think\Db\Driver\Mysql.class.php 第 52 行.
SQL: SHOW COLUMNS FROM `ds_classify` [ RunTime:0.004000s ]
SQL: SELECT `cid`,`cname` FROM `ds_classify` WHERE ( `parentid` = '245' )  [ RunTime:0.001000s ]
INFO: [ app_end ] --START--
INFO: Run Behavior\ShowPageTraceBehavior [ RunTime:0.001000s ]
INFO: [ app_end ] --END-- [ RunTime:0.001000s ]

[ 2018-10-29T14:47:20+08:00 ] 127.0.0.1 /cheng/admin.php/admin/Goodsissue/goodsAttr
INFO: [ app_init ] --START--
INFO: Run Behavior\BuildLiteBehavior [ RunTime:0.000000s ]
INFO: [ app_init ] --END-- [ RunTime:0.001000s ]
INFO: [ app_begin ] --START--
INFO: Run Behavior\ReadHtmlCacheBehavior [ RunTime:0.001000s ]
INFO: [ app_begin ] --END-- [ RunTime:0.001000s ]
NOTIC: [8192] mysql_connect(): The mysql extension is deprecated and will be removed in the future: use mysqli or PDO instead E:\phpstady\WWW\gecqkl\cheng\ThinkPHP\Library\Think\Db\Driver\Mysql.class.php 第 52 行.
SQL: SHOW COLUMNS FROM `ds_classify` [ RunTime:0.005000s ]
SQL: SELECT `cpath` FROM `ds_classify` WHERE ( `cid` = 245 ) LIMIT 1   [ RunTime:0.000000s ]
SQL: SHOW COLUMNS FROM `ds_attribute` [ RunTime:0.004001s ]
ERR: 1146:Table 'gec.ds_attribute' doesn't exist
 [ SQL语句 ] : SHOW COLUMNS FROM `ds_attribute`
SQL: SHOW COLUMNS FROM `ds_goodstoattr` [ RunTime:0.004000s ]
ERR: 1146:Table 'gec.ds_goodstoattr' doesn't exist
 [ SQL语句 ] : SHOW COLUMNS FROM `ds_goodstoattr`
SQL: SELECT `attrid`,`attrname` FROM `ds_attribute` WHERE ( `cid` = '0' )  [ RunTime:0.000000s ]
ERR: 1146:Table 'gec.ds_attribute' doesn't exist
 [ SQL语句 ] : SELECT `attrid`,`attrname` FROM `ds_attribute` WHERE ( `cid` = '0' ) 
SQL: SELECT `attrid`,`attrname` FROM `ds_attribute` WHERE ( `cid` = '245' )  [ RunTime:0.000000s ]
ERR: 1146:Table 'gec.ds_attribute' doesn't exist
 [ SQL语句 ] : SELECT `attrid`,`attrname` FROM `ds_attribute` WHERE ( `cid` = '245' ) 
INFO: [ app_end ] --START--
INFO: Run Behavior\ShowPageTraceBehavior [ RunTime:0.001000s ]
INFO: [ app_end ] --END-- [ RunTime:0.001000s ]

[ 2018-10-29T14:47:20+08:00 ] 127.0.0.1 /cheng/admin.php/admin/Goodsissue/goodsBrand
INFO: [ app_init ] --START--
INFO: Run Behavior\BuildLiteBehavior [ RunTime:0.000000s ]
INFO: [ app_init ] --END-- [ RunTime:0.000000s ]
INFO: [ app_begin ] --START--
INFO: Run Behavior\ReadHtmlCacheBehavior [ RunTime:0.001000s ]
INFO: [ app_begin ] --END-- [ RunTime:0.001000s ]
NOTIC: [8192] mysql_connect(): The mysql extension is deprecated and will be removed in the future: use mysqli or PDO instead E:\phpstady\WWW\gecqkl\cheng\ThinkPHP\Library\Think\Db\Driver\Mysql.class.php 第 52 行.
SQL: SHOW COLUMNS FROM `ds_brandtoclass` [ RunTime:0.004000s ]
SQL: SHOW COLUMNS FROM `ds_brand` [ RunTime:0.003000s ]
SQL: SELECT `bid` FROM `ds_brandtoclass` WHERE ( `cid` = 245 )  [ RunTime:0.001000s ]
SQL: SELECT `bid`,`bname` FROM `ds_brand` WHERE ( `bid` = 1 ) LIMIT 1   [ RunTime:0.000000s ]
INFO: [ app_end ] --START--
INFO: Run Behavior\ShowPageTraceBehavior [ RunTime:0.001000s ]
INFO: [ app_end ] --END-- [ RunTime:0.001000s ]

[ 2018-10-29T14:47:37+08:00 ] 127.0.0.1 /cheng/admin.php/Admin/Goodsissue/insertGd
INFO: [ app_init ] --START--
INFO: Run Behavior\BuildLiteBehavior [ RunTime:0.000000s ]
INFO: [ app_init ] --END-- [ RunTime:0.001001s ]
ERR: 非法数据对象！:[pid6=>245]

[ 2018-10-29T14:47:42+08:00 ] 127.0.0.1 /cheng/admin.php/Admin/Goodsup/index.html
INFO: [ app_init ] --START--
INFO: Run Behavior\BuildLiteBehavior [ RunTime:0.000000s ]
INFO: [ app_init ] --END-- [ RunTime:0.001000s ]

[ 2018-10-29T14:47:43+08:00 ] 127.0.0.1 /cheng/admin.php/Admin/Goodsdown/index.html
INFO: [ app_init ] --START--
INFO: Run Behavior\BuildLiteBehavior [ RunTime:0.000000s ]
INFO: [ app_init ] --END-- [ RunTime:0.002000s ]

[ 2018-10-29T14:47:45+08:00 ] 127.0.0.1 /cheng/admin.php/Admin/Goodsissue/index.html
INFO: [ app_init ] --START--
INFO: Run Behavior\BuildLiteBehavior [ RunTime:0.000000s ]
INFO: [ app_init ] --END-- [ RunTime:0.000000s ]

[ 2018-10-29T14:47:47+08:00 ] 127.0.0.1 /cheng/admin.php/admin/goodsclass/viewclassid
INFO: [ app_init ] --START--
INFO: Run Behavior\BuildLiteBehavior [ RunTime:0.000000s ]
INFO: [ app_init ] --END-- [ RunTime:0.001000s ]
INFO: [ app_begin ] --START--
INFO: Run Behavior\ReadHtmlCacheBehavior [ RunTime:0.000000s ]
INFO: [ app_begin ] --END-- [ RunTime:0.000000s ]
NOTIC: [8192] mysql_connect(): The mysql extension is deprecated and will be removed in the future: use mysqli or PDO instead E:\phpstady\WWW\gecqkl\cheng\ThinkPHP\Library\Think\Db\Driver\Mysql.class.php 第 52 行.
SQL: SHOW COLUMNS FROM `ds_classify` [ RunTime:0.004000s ]
SQL: SELECT `cid`,`cname` FROM `ds_classify` WHERE ( `parentid` = '66' )  [ RunTime:0.000000s ]
INFO: [ app_end ] --START--
INFO: Run Behavior\ShowPageTraceBehavior [ RunTime:0.001000s ]
INFO: [ app_end ] --END-- [ RunTime:0.001000s ]

[ 2018-10-29T14:47:49+08:00 ] 127.0.0.1 /cheng/admin.php/admin/goodsclass/viewclassid
INFO: [ app_init ] --START--
INFO: Run Behavior\BuildLiteBehavior [ RunTime:0.000000s ]
INFO: [ app_init ] --END-- [ RunTime:0.000000s ]
INFO: [ app_begin ] --START--
INFO: Run Behavior\ReadHtmlCacheBehavior [ RunTime:0.001000s ]
INFO: [ app_begin ] --END-- [ RunTime:0.001000s ]
NOTIC: [8192] mysql_connect(): The mysql extension is deprecated and will be removed in the future: use mysqli or PDO instead E:\phpstady\WWW\gecqkl\cheng\ThinkPHP\Library\Think\Db\Driver\Mysql.class.php 第 52 行.
SQL: SHOW COLUMNS FROM `ds_classify` [ RunTime:0.004001s ]
SQL: SELECT `cid`,`cname` FROM `ds_classify` WHERE ( `parentid` = '238' )  [ RunTime:0.000000s ]
INFO: [ app_end ] --START--
INFO: Run Behavior\ShowPageTraceBehavior [ RunTime:0.000000s ]
INFO: [ app_end ] --END-- [ RunTime:0.001000s ]

[ 2018-10-29T14:47:50+08:00 ] 127.0.0.1 /cheng/admin.php/admin/goodsclass/viewclassid
INFO: [ app_init ] --START--
INFO: Run Behavior\BuildLiteBehavior [ RunTime:0.000000s ]
INFO: [ app_init ] --END-- [ RunTime:0.000000s ]
INFO: [ app_begin ] --START--
INFO: Run Behavior\ReadHtmlCacheBehavior [ RunTime:0.001000s ]
INFO: [ app_begin ] --END-- [ RunTime:0.001000s ]
NOTIC: [8192] mysql_connect(): The mysql extension is deprecated and will be removed in the future: use mysqli or PDO instead E:\phpstady\WWW\gecqkl\cheng\ThinkPHP\Library\Think\Db\Driver\Mysql.class.php 第 52 行.
SQL: SHOW COLUMNS FROM `ds_classify` [ RunTime:0.004000s ]
SQL: SELECT `cid`,`cname` FROM `ds_classify` WHERE ( `parentid` = '245' )  [ RunTime:0.001000s ]
INFO: [ app_end ] --START--
INFO: Run Behavior\ShowPageTraceBehavior [ RunTime:0.001000s ]
INFO: [ app_end ] --END-- [ RunTime:0.001000s ]

[ 2018-10-29T14:47:50+08:00 ] 127.0.0.1 /cheng/admin.php/admin/Goodsissue/goodsAttr
INFO: [ app_init ] --START--
INFO: Run Behavior\BuildLiteBehavior [ RunTime:0.000000s ]
INFO: [ app_init ] --END-- [ RunTime:0.000000s ]
INFO: [ app_begin ] --START--
INFO: Run Behavior\ReadHtmlCacheBehavior [ RunTime:0.001001s ]
INFO: [ app_begin ] --END-- [ RunTime:0.001001s ]
NOTIC: [8192] mysql_connect(): The mysql extension is deprecated and will be removed in the future: use mysqli or PDO instead E:\phpstady\WWW\gecqkl\cheng\ThinkPHP\Library\Think\Db\Driver\Mysql.class.php 第 52 行.
SQL: SHOW COLUMNS FROM `ds_classify` [ RunTime:0.005000s ]
SQL: SELECT `cpath` FROM `ds_classify` WHERE ( `cid` = 245 ) LIMIT 1   [ RunTime:0.000000s ]
SQL: SHOW COLUMNS FROM `ds_attribute` [ RunTime:0.004001s ]
ERR: 1146:Table 'gec.ds_attribute' doesn't exist
 [ SQL语句 ] : SHOW COLUMNS FROM `ds_attribute`
SQL: SHOW COLUMNS FROM `ds_goodstoattr` [ RunTime:0.003000s ]
ERR: 1146:Table 'gec.ds_goodstoattr' doesn't exist
 [ SQL语句 ] : SHOW COLUMNS FROM `ds_goodstoattr`
SQL: SELECT `attrid`,`attrname` FROM `ds_attribute` WHERE ( `cid` = '0' )  [ RunTime:0.000000s ]
ERR: 1146:Table 'gec.ds_attribute' doesn't exist
 [ SQL语句 ] : SELECT `attrid`,`attrname` FROM `ds_attribute` WHERE ( `cid` = '0' ) 
SQL: SELECT `attrid`,`attrname` FROM `ds_attribute` WHERE ( `cid` = '245' )  [ RunTime:0.000000s ]
ERR: 1146:Table 'gec.ds_attribute' doesn't exist
 [ SQL语句 ] : SELECT `attrid`,`attrname` FROM `ds_attribute` WHERE ( `cid` = '245' ) 
INFO: [ app_end ] --START--
INFO: Run Behavior\ShowPageTraceBehavior [ RunTime:0.001000s ]
INFO: [ app_end ] --END-- [ RunTime:0.001000s ]

[ 2018-10-29T14:47:50+08:00 ] 127.0.0.1 /cheng/admin.php/admin/Goodsissue/goodsBrand
INFO: [ app_init ] --START--
INFO: Run Behavior\BuildLiteBehavior [ RunTime:0.000000s ]
INFO: [ app_init ] --END-- [ RunTime:0.000000s ]
INFO: [ app_begin ] --START--
INFO: Run Behavior\ReadHtmlCacheBehavior [ RunTime:0.001000s ]
INFO: [ app_begin ] --END-- [ RunTime:0.001000s ]
NOTIC: [8192] mysql_connect(): The mysql extension is deprecated and will be removed in the future: use mysqli or PDO instead E:\phpstady\WWW\gecqkl\cheng\ThinkPHP\Library\Think\Db\Driver\Mysql.class.php 第 52 行.
SQL: SHOW COLUMNS FROM `ds_brandtoclass` [ RunTime:0.004001s ]
SQL: SHOW COLUMNS FROM `ds_brand` [ RunTime:0.004000s ]
SQL: SELECT `bid` FROM `ds_brandtoclass` WHERE ( `cid` = 245 )  [ RunTime:0.000000s ]
SQL: SELECT `bid`,`bname` FROM `ds_brand` WHERE ( `bid` = 1 ) LIMIT 1   [ RunTime:0.000000s ]
INFO: [ app_end ] --START--
INFO: Run Behavior\ShowPageTraceBehavior [ RunTime:0.000000s ]
INFO: [ app_end ] --END-- [ RunTime:0.001000s ]

[ 2018-10-29T14:48:05+08:00 ] 127.0.0.1 /cheng/admin.php/Admin/Goodsissue/insertGd
INFO: [ app_init ] --START--
INFO: Run Behavior\BuildLiteBehavior [ RunTime:0.001000s ]
INFO: [ app_init ] --END-- [ RunTime:0.001000s ]

[ 2018-10-29T14:48:06+08:00 ] 127.0.0.1 /cheng/admin.php/Admin/Goodsissue/index
INFO: [ app_init ] --START--
INFO: Run Behavior\BuildLiteBehavior [ RunTime:0.000000s ]
INFO: [ app_init ] --END-- [ RunTime:0.001000s ]

[ 2018-10-29T14:48:08+08:00 ] 127.0.0.1 /cheng/admin.php/Admin/Goodsissue/index.html
INFO: [ app_init ] --START--
INFO: Run Behavior\BuildLiteBehavior [ RunTime:0.001000s ]
INFO: [ app_init ] --END-- [ RunTime:0.002000s ]

[ 2018-10-29T14:48:09+08:00 ] 127.0.0.1 /cheng/admin.php/Admin/Goodsup/index.html
INFO: [ app_init ] --START--
INFO: Run Behavior\BuildLiteBehavior [ RunTime:0.000000s ]
INFO: [ app_init ] --END-- [ RunTime:0.000000s ]

[ 2018-10-29T14:48:11+08:00 ] 127.0.0.1 /cheng/admin.php/Admin/Goodsdown/index.html
INFO: [ app_init ] --START--
INFO: Run Behavior\BuildLiteBehavior [ RunTime:0.000000s ]
INFO: [ app_init ] --END-- [ RunTime:0.001000s ]

[ 2018-10-29T14:48:12+08:00 ] 127.0.0.1 /cheng/admin.php/Admin/Goodsup/index.html
INFO: [ app_init ] --START--
INFO: Run Behavior\BuildLiteBehavior [ RunTime:0.000000s ]
INFO: [ app_init ] --END-- [ RunTime:0.001000s ]

[ 2018-10-29T14:48:13+08:00 ] 127.0.0.1 /cheng/admin.php/Admin/Goodsclass/index.html
INFO: [ app_init ] --START--
INFO: Run Behavior\BuildLiteBehavior [ RunTime:0.000000s ]
INFO: [ app_init ] --END-- [ RunTime:0.001000s ]

[ 2018-10-29T14:48:14+08:00 ] 127.0.0.1 /cheng/admin.php/Admin/Goodsbrand/index.html
INFO: [ app_init ] --START--
INFO: Run Behavior\BuildLiteBehavior [ RunTime:0.000000s ]
INFO: [ app_init ] --END-- [ RunTime:0.001000s ]

[ 2018-10-29T14:48:15+08:00 ] 127.0.0.1 /cheng/admin.php/Admin/Goodsissue/index.html
INFO: [ app_init ] --START--
INFO: Run Behavior\BuildLiteBehavior [ RunTime:0.000000s ]
INFO: [ app_init ] --END-- [ RunTime:0.001000s ]

[ 2018-10-29T14:48:18+08:00 ] 127.0.0.1 /cheng/admin.php/admin/goodsclass/viewclassid
INFO: [ app_init ] --START--
INFO: Run Behavior\BuildLiteBehavior [ RunTime:0.000000s ]
INFO: [ app_init ] --END-- [ RunTime:0.000000s ]
INFO: [ app_begin ] --START--
INFO: Run Behavior\ReadHtmlCacheBehavior [ RunTime:0.001000s ]
INFO: [ app_begin ] --END-- [ RunTime:0.002000s ]
NOTIC: [8192] mysql_connect(): The mysql extension is deprecated and will be removed in the future: use mysqli or PDO instead E:\phpstady\WWW\gecqkl\cheng\ThinkPHP\Library\Think\Db\Driver\Mysql.class.php 第 52 行.
SQL: SHOW COLUMNS FROM `ds_classify` [ RunTime:0.004000s ]
SQL: SELECT `cid`,`cname` FROM `ds_classify` WHERE ( `parentid` = '66' )  [ RunTime:0.000000s ]
INFO: [ app_end ] --START--
INFO: Run Behavior\ShowPageTraceBehavior [ RunTime:0.001000s ]
INFO: [ app_end ] --END-- [ RunTime:0.001000s ]

[ 2018-10-29T14:48:20+08:00 ] 127.0.0.1 /cheng/admin.php/admin/goodsclass/viewclassid
INFO: [ app_init ] --START--
INFO: Run Behavior\BuildLiteBehavior [ RunTime:0.000000s ]
INFO: [ app_init ] --END-- [ RunTime:0.001000s ]
INFO: [ app_begin ] --START--
INFO: Run Behavior\ReadHtmlCacheBehavior [ RunTime:0.001000s ]
INFO: [ app_begin ] --END-- [ RunTime:0.001000s ]
NOTIC: [8192] mysql_connect(): The mysql extension is deprecated and will be removed in the future: use mysqli or PDO instead E:\phpstady\WWW\gecqkl\cheng\ThinkPHP\Library\Think\Db\Driver\Mysql.class.php 第 52 行.
SQL: SHOW COLUMNS FROM `ds_classify` [ RunTime:0.004000s ]
SQL: SELECT `cid`,`cname` FROM `ds_classify` WHERE ( `parentid` = '238' )  [ RunTime:0.000000s ]
INFO: [ app_end ] --START--
INFO: Run Behavior\ShowPageTraceBehavior [ RunTime:0.001000s ]
INFO: [ app_end ] --END-- [ RunTime:0.001000s ]

[ 2018-10-29T14:48:21+08:00 ] 127.0.0.1 /cheng/admin.php/admin/goodsclass/viewclassid
INFO: [ app_init ] --START--
INFO: Run Behavior\BuildLiteBehavior [ RunTime:0.000000s ]
INFO: [ app_init ] --END-- [ RunTime:0.001000s ]
INFO: [ app_begin ] --START--
INFO: Run Behavior\ReadHtmlCacheBehavior [ RunTime:0.002000s ]
INFO: [ app_begin ] --END-- [ RunTime:0.002000s ]
NOTIC: [8192] mysql_connect(): The mysql extension is deprecated and will be removed in the future: use mysqli or PDO instead E:\phpstady\WWW\gecqkl\cheng\ThinkPHP\Library\Think\Db\Driver\Mysql.class.php 第 52 行.
SQL: SHOW COLUMNS FROM `ds_classify` [ RunTime:0.004001s ]
SQL: SELECT `cid`,`cname` FROM `ds_classify` WHERE ( `parentid` = '245' )  [ RunTime:0.000000s ]
INFO: [ app_end ] --START--
INFO: Run Behavior\ShowPageTraceBehavior [ RunTime:0.001000s ]
INFO: [ app_end ] --END-- [ RunTime:0.001000s ]

[ 2018-10-29T14:48:21+08:00 ] 127.0.0.1 /cheng/admin.php/admin/Goodsissue/goodsAttr
INFO: [ app_init ] --START--
INFO: Run Behavior\BuildLiteBehavior [ RunTime:0.000000s ]
INFO: [ app_init ] --END-- [ RunTime:0.001000s ]
INFO: [ app_begin ] --START--
INFO: Run Behavior\ReadHtmlCacheBehavior [ RunTime:0.001000s ]
INFO: [ app_begin ] --END-- [ RunTime:0.001000s ]
NOTIC: [8192] mysql_connect(): The mysql extension is deprecated and will be removed in the future: use mysqli or PDO instead E:\phpstady\WWW\gecqkl\cheng\ThinkPHP\Library\Think\Db\Driver\Mysql.class.php 第 52 行.
SQL: SHOW COLUMNS FROM `ds_classify` [ RunTime:0.004000s ]
SQL: SELECT `cpath` FROM `ds_classify` WHERE ( `cid` = 245 ) LIMIT 1   [ RunTime:0.000000s ]
SQL: SHOW COLUMNS FROM `ds_attribute` [ RunTime:0.004000s ]
ERR: 1146:Table 'gec.ds_attribute' doesn't exist
 [ SQL语句 ] : SHOW COLUMNS FROM `ds_attribute`
SQL: SHOW COLUMNS FROM `ds_goodstoattr` [ RunTime:0.004001s ]
ERR: 1146:Table 'gec.ds_goodstoattr' doesn't exist
 [ SQL语句 ] : SHOW COLUMNS FROM `ds_goodstoattr`
SQL: SELECT `attrid`,`attrname` FROM `ds_attribute` WHERE ( `cid` = '0' )  [ RunTime:0.000000s ]
ERR: 1146:Table 'gec.ds_attribute' doesn't exist
 [ SQL语句 ] : SELECT `attrid`,`attrname` FROM `ds_attribute` WHERE ( `cid` = '0' ) 
SQL: SELECT `attrid`,`attrname` FROM `ds_attribute` WHERE ( `cid` = '245' )  [ RunTime:0.000000s ]
ERR: 1146:Table 'gec.ds_attribute' doesn't exist
 [ SQL语句 ] : SELECT `attrid`,`attrname` FROM `ds_attribute` WHERE ( `cid` = '245' ) 
INFO: [ app_end ] --START--
INFO: Run Behavior\ShowPageTraceBehavior [ RunTime:0.001000s ]
INFO: [ app_end ] --END-- [ RunTime:0.001000s ]

[ 2018-10-29T14:48:21+08:00 ] 127.0.0.1 /cheng/admin.php/admin/Goodsissue/goodsBrand
INFO: [ app_init ] --START--
INFO: Run Behavior\BuildLiteBehavior [ RunTime:0.000000s ]
INFO: [ app_init ] --END-- [ RunTime:0.000000s ]
INFO: [ app_begin ] --START--
INFO: Run Behavior\ReadHtmlCacheBehavior [ RunTime:0.001000s ]
INFO: [ app_begin ] --END-- [ RunTime:0.001000s ]
NOTIC: [8192] mysql_connect(): The mysql extension is deprecated and will be removed in the future: use mysqli or PDO instead E:\phpstady\WWW\gecqkl\cheng\ThinkPHP\Library\Think\Db\Driver\Mysql.class.php 第 52 行.
SQL: SHOW COLUMNS FROM `ds_brandtoclass` [ RunTime:0.004001s ]
SQL: SHOW COLUMNS FROM `ds_brand` [ RunTime:0.004000s ]
SQL: SELECT `bid` FROM `ds_brandtoclass` WHERE ( `cid` = 245 )  [ RunTime:0.000000s ]
SQL: SELECT `bid`,`bname` FROM `ds_brand` WHERE ( `bid` = 1 ) LIMIT 1   [ RunTime:0.001000s ]
INFO: [ app_end ] --START--
INFO: Run Behavior\ShowPageTraceBehavior [ RunTime:0.001000s ]
INFO: [ app_end ] --END-- [ RunTime:0.001000s ]

[ 2018-10-29T14:48:33+08:00 ] 127.0.0.1 /cheng/admin.php/Admin/Goodsissue/insertGd
INFO: [ app_init ] --START--
INFO: Run Behavior\BuildLiteBehavior [ RunTime:0.000000s ]
INFO: [ app_init ] --END-- [ RunTime:0.001000s ]

[ 2018-10-29T14:48:35+08:00 ] 127.0.0.1 /cheng/admin.php/Admin/Goodsissue/index
INFO: [ app_init ] --START--
INFO: Run Behavior\BuildLiteBehavior [ RunTime:0.000000s ]
INFO: [ app_init ] --END-- [ RunTime:0.001000s ]

[ 2018-10-29T14:48:37+08:00 ] 127.0.0.1 /cheng/admin.php/Admin/Goodsup/index.html
INFO: [ app_init ] --START--
INFO: Run Behavior\BuildLiteBehavior [ RunTime:0.000000s ]
INFO: [ app_init ] --END-- [ RunTime:0.001000s ]

[ 2018-10-29T14:48:38+08:00 ] 127.0.0.1 /cheng/admin.php/Admin/Goodsdown/index.html
INFO: [ app_init ] --START--
INFO: Run Behavior\BuildLiteBehavior [ RunTime:0.000000s ]
INFO: [ app_init ] --END-- [ RunTime:0.001000s ]

[ 2018-10-29T14:48:42+08:00 ] 127.0.0.1 /cheng/admin.php/Admin/Goodsdown/upGoods?gid=33
INFO: [ app_init ] --START--
INFO: Run Behavior\BuildLiteBehavior [ RunTime:0.000000s ]
INFO: [ app_init ] --END-- [ RunTime:0.001000s ]
INFO: [ app_begin ] --START--
INFO: Run Behavior\ReadHtmlCacheBehavior [ RunTime:0.002000s ]
INFO: [ app_begin ] --END-- [ RunTime:0.002000s ]
NOTIC: [8192] mysql_connect(): The mysql extension is deprecated and will be removed in the future: use mysqli or PDO instead E:\phpstady\WWW\gecqkl\cheng\ThinkPHP\Library\Think\Db\Driver\Mysql.class.php 第 52 行.
SQL: SHOW COLUMNS FROM `ds_goods` [ RunTime:0.004000s ]
SQL: UPDATE `ds_goods` SET `issale`=1 WHERE ( `gid` = 33 ) [ RunTime:0.000000s ]
INFO: [ app_end ] --START--
INFO: Run Behavior\ShowPageTraceBehavior [ RunTime:0.001000s ]
INFO: [ app_end ] --END-- [ RunTime:0.001000s ]

[ 2018-10-29T14:48:43+08:00 ] 127.0.0.1 /cheng/admin.php/Admin/Goodsdown/upGoods?gid=31
INFO: [ app_init ] --START--
INFO: Run Behavior\BuildLiteBehavior [ RunTime:0.000000s ]
INFO: [ app_init ] --END-- [ RunTime:0.000000s ]
INFO: [ app_begin ] --START--
INFO: Run Behavior\ReadHtmlCacheBehavior [ RunTime:0.001000s ]
INFO: [ app_begin ] --END-- [ RunTime:0.001000s ]
NOTIC: [8192] mysql_connect(): The mysql extension is deprecated and will be removed in the future: use mysqli or PDO instead E:\phpstady\WWW\gecqkl\cheng\ThinkPHP\Library\Think\Db\Driver\Mysql.class.php 第 52 行.
SQL: SHOW COLUMNS FROM `ds_goods` [ RunTime:0.004000s ]
SQL: UPDATE `ds_goods` SET `issale`=1 WHERE ( `gid` = 31 ) [ RunTime:0.001000s ]
INFO: [ app_end ] --START--
INFO: Run Behavior\ShowPageTraceBehavior [ RunTime:0.001000s ]
INFO: [ app_end ] --END-- [ RunTime:0.001000s ]

[ 2018-10-29T14:48:45+08:00 ] 127.0.0.1 /cheng/admin.php/Admin/Goodsup/index.html
INFO: [ app_init ] --START--
INFO: Run Behavior\BuildLiteBehavior [ RunTime:0.000000s ]
INFO: [ app_init ] --END-- [ RunTime:0.001000s ]

[ 2018-10-29T15:46:54+08:00 ] 127.0.0.1 /cheng/admin.php/admin/goodsissue
INFO: [ app_init ] --START--
INFO: Run Behavior\BuildLiteBehavior [ RunTime:0.000000s ]
INFO: [ app_init ] --END-- [ RunTime:0.001001s ]

[ 2018-10-29T15:46:56+08:00 ] 127.0.0.1 /cheng/admin.php/admin/goodsclass/viewclassid
INFO: [ app_init ] --START--
INFO: Run Behavior\BuildLiteBehavior [ RunTime:0.000000s ]
INFO: [ app_init ] --END-- [ RunTime:0.001000s ]
INFO: [ app_begin ] --START--
INFO: Run Behavior\ReadHtmlCacheBehavior [ RunTime:0.002001s ]
INFO: [ app_begin ] --END-- [ RunTime:0.002001s ]
NOTIC: [8192] mysql_connect(): The mysql extension is deprecated and will be removed in the future: use mysqli or PDO instead E:\phpstady\WWW\gecqkl\cheng\ThinkPHP\Library\Think\Db\Driver\Mysql.class.php 第 52 行.
SQL: SHOW COLUMNS FROM `ds_classify` [ RunTime:0.004000s ]
SQL: SELECT `cid`,`cname` FROM `ds_classify` WHERE ( `parentid` = '75' )  [ RunTime:0.001000s ]
INFO: [ app_end ] --START--
INFO: Run Behavior\ShowPageTraceBehavior [ RunTime:0.000000s ]
INFO: [ app_end ] --END-- [ RunTime:0.000000s ]

[ 2018-10-29T15:46:56+08:00 ] 127.0.0.1 /cheng/admin.php/admin/Goodsissue/goodsAttr
INFO: [ app_init ] --START--
INFO: Run Behavior\BuildLiteBehavior [ RunTime:0.000000s ]
INFO: [ app_init ] --END-- [ RunTime:0.000000s ]
INFO: [ app_begin ] --START--
INFO: Run Behavior\ReadHtmlCacheBehavior [ RunTime:0.001000s ]
INFO: [ app_begin ] --END-- [ RunTime:0.001000s ]
NOTIC: [8192] mysql_connect(): The mysql extension is deprecated and will be removed in the future: use mysqli or PDO instead E:\phpstady\WWW\gecqkl\cheng\ThinkPHP\Library\Think\Db\Driver\Mysql.class.php 第 52 行.
SQL: SHOW COLUMNS FROM `ds_classify` [ RunTime:0.004001s ]
SQL: SELECT `cpath` FROM `ds_classify` WHERE ( `cid` = 75 ) LIMIT 1   [ RunTime:0.000000s ]
SQL: SHOW COLUMNS FROM `ds_attribute` [ RunTime:0.004000s ]
ERR: 1146:Table 'gec.ds_attribute' doesn't exist
 [ SQL语句 ] : SHOW COLUMNS FROM `ds_attribute`
SQL: SHOW COLUMNS FROM `ds_goodstoattr` [ RunTime:0.004000s ]
ERR: 1146:Table 'gec.ds_goodstoattr' doesn't exist
 [ SQL语句 ] : SHOW COLUMNS FROM `ds_goodstoattr`
SQL: SELECT `attrid`,`attrname` FROM `ds_attribute` WHERE ( `cid` = '0' )  [ RunTime:0.000000s ]
ERR: 1146:Table 'gec.ds_attribute' doesn't exist
 [ SQL语句 ] : SELECT `attrid`,`attrname` FROM `ds_attribute` WHERE ( `cid` = '0' ) 
SQL: SELECT `attrid`,`attrname` FROM `ds_attribute` WHERE ( `cid` = '75' )  [ RunTime:0.001000s ]
ERR: 1146:Table 'gec.ds_attribute' doesn't exist
 [ SQL语句 ] : SELECT `attrid`,`attrname` FROM `ds_attribute` WHERE ( `cid` = '75' ) 
INFO: [ app_end ] --START--
INFO: Run Behavior\ShowPageTraceBehavior [ RunTime:0.001000s ]
INFO: [ app_end ] --END-- [ RunTime:0.001000s ]

[ 2018-10-29T15:46:56+08:00 ] 127.0.0.1 /cheng/admin.php/admin/Goodsissue/goodsBrand
INFO: [ app_init ] --START--
INFO: Run Behavior\BuildLiteBehavior [ RunTime:0.000000s ]
INFO: [ app_init ] --END-- [ RunTime:0.001000s ]
INFO: [ app_begin ] --START--
INFO: Run Behavior\ReadHtmlCacheBehavior [ RunTime:0.001000s ]
INFO: [ app_begin ] --END-- [ RunTime:0.002000s ]
NOTIC: [8192] mysql_connect(): The mysql extension is deprecated and will be removed in the future: use mysqli or PDO instead E:\phpstady\WWW\gecqkl\cheng\ThinkPHP\Library\Think\Db\Driver\Mysql.class.php 第 52 行.
SQL: SHOW COLUMNS FROM `ds_brandtoclass` [ RunTime:0.005000s ]
SQL: SHOW COLUMNS FROM `ds_brand` [ RunTime:0.004000s ]
SQL: SELECT `bid` FROM `ds_brandtoclass` WHERE ( `cid` = 75 )  [ RunTime:0.000000s ]
NOTIC: [2] Invalid argument supplied for foreach() E:\phpstady\WWW\gecqkl\cheng\Application\Admin\Controller\GoodsissueController.class.php 第 176 行.
NOTIC: [8] Undefined variable: brand_data E:\phpstady\WWW\gecqkl\cheng\Application\Admin\Controller\GoodsissueController.class.php 第 182 行.
INFO: [ app_end ] --START--
INFO: Run Behavior\ShowPageTraceBehavior [ RunTime:0.001000s ]
INFO: [ app_end ] --END-- [ RunTime:0.001000s ]

[ 2018-10-29T15:47:11+08:00 ] 127.0.0.1 /cheng/admin.php/Admin/Goodsissue/insertGd
INFO: [ app_init ] --START--
INFO: Run Behavior\BuildLiteBehavior [ RunTime:0.000000s ]
INFO: [ app_init ] --END-- [ RunTime:0.000000s ]

[ 2018-10-29T15:47:12+08:00 ] 127.0.0.1 /cheng/admin.php/Admin/Goodsissue/index
INFO: [ app_init ] --START--
INFO: Run Behavior\BuildLiteBehavior [ RunTime:0.000000s ]
INFO: [ app_init ] --END-- [ RunTime:0.001000s ]

[ 2018-10-29T15:47:15+08:00 ] 127.0.0.1 /cheng/admin.php/admin/goodsclass/viewclassid
INFO: [ app_init ] --START--
INFO: Run Behavior\BuildLiteBehavior [ RunTime:0.000000s ]
INFO: [ app_init ] --END-- [ RunTime:0.001000s ]
INFO: [ app_begin ] --START--
INFO: Run Behavior\ReadHtmlCacheBehavior [ RunTime:0.001000s ]
INFO: [ app_begin ] --END-- [ RunTime:0.001000s ]
NOTIC: [8192] mysql_connect(): The mysql extension is deprecated and will be removed in the future: use mysqli or PDO instead E:\phpstady\WWW\gecqkl\cheng\ThinkPHP\Library\Think\Db\Driver\Mysql.class.php 第 52 行.
SQL: SHOW COLUMNS FROM `ds_classify` [ RunTime:0.004000s ]
SQL: SELECT `cid`,`cname` FROM `ds_classify` WHERE ( `parentid` = '70' )  [ RunTime:0.000000s ]
INFO: [ app_end ] --START--
INFO: Run Behavior\ShowPageTraceBehavior [ RunTime:0.001000s ]
INFO: [ app_end ] --END-- [ RunTime:0.001000s ]

[ 2018-10-29T15:47:15+08:00 ] 127.0.0.1 /cheng/admin.php/admin/Goodsissue/goodsBrand
INFO: [ app_init ] --START--
INFO: Run Behavior\BuildLiteBehavior [ RunTime:0.000000s ]
INFO: [ app_init ] --END-- [ RunTime:0.001000s ]
INFO: [ app_begin ] --START--
INFO: Run Behavior\ReadHtmlCacheBehavior [ RunTime:0.001000s ]
INFO: [ app_begin ] --END-- [ RunTime:0.001000s ]
NOTIC: [8192] mysql_connect(): The mysql extension is deprecated and will be removed in the future: use mysqli or PDO instead E:\phpstady\WWW\gecqkl\cheng\ThinkPHP\Library\Think\Db\Driver\Mysql.class.php 第 52 行.
SQL: SHOW COLUMNS FROM `ds_brandtoclass` [ RunTime:0.004000s ]
SQL: SHOW COLUMNS FROM `ds_brand` [ RunTime:0.004001s ]
SQL: SELECT `bid` FROM `ds_brandtoclass` WHERE ( `cid` = 70 )  [ RunTime:0.000000s ]
NOTIC: [2] Invalid argument supplied for foreach() E:\phpstady\WWW\gecqkl\cheng\Application\Admin\Controller\GoodsissueController.class.php 第 176 行.
NOTIC: [8] Undefined variable: brand_data E:\phpstady\WWW\gecqkl\cheng\Application\Admin\Controller\GoodsissueController.class.php 第 182 行.
INFO: [ app_end ] --START--
INFO: Run Behavior\ShowPageTraceBehavior [ RunTime:0.001000s ]
INFO: [ app_end ] --END-- [ RunTime:0.001000s ]

[ 2018-10-29T15:47:15+08:00 ] 127.0.0.1 /cheng/admin.php/admin/Goodsissue/goodsAttr
INFO: [ app_init ] --START--
INFO: Run Behavior\BuildLiteBehavior [ RunTime:0.000000s ]
INFO: [ app_init ] --END-- [ RunTime:0.001000s ]
INFO: [ app_begin ] --START--
INFO: Run Behavior\ReadHtmlCacheBehavior [ RunTime:0.001000s ]
INFO: [ app_begin ] --END-- [ RunTime:0.001000s ]
NOTIC: [8192] mysql_connect(): The mysql extension is deprecated and will be removed in the future: use mysqli or PDO instead E:\phpstady\WWW\gecqkl\cheng\ThinkPHP\Library\Think\Db\Driver\Mysql.class.php 第 52 行.
SQL: SHOW COLUMNS FROM `ds_classify` [ RunTime:0.004001s ]
SQL: SELECT `cpath` FROM `ds_classify` WHERE ( `cid` = 70 ) LIMIT 1   [ RunTime:0.000000s ]
SQL: SHOW COLUMNS FROM `ds_attribute` [ RunTime:0.004000s ]
ERR: 1146:Table 'gec.ds_attribute' doesn't exist
 [ SQL语句 ] : SHOW COLUMNS FROM `ds_attribute`
SQL: SHOW COLUMNS FROM `ds_goodstoattr` [ RunTime:0.003000s ]
ERR: 1146:Table 'gec.ds_goodstoattr' doesn't exist
 [ SQL语句 ] : SHOW COLUMNS FROM `ds_goodstoattr`
SQL: SELECT `attrid`,`attrname` FROM `ds_attribute` WHERE ( `cid` = '0' )  [ RunTime:0.001000s ]
ERR: 1146:Table 'gec.ds_attribute' doesn't exist
 [ SQL语句 ] : SELECT `attrid`,`attrname` FROM `ds_attribute` WHERE ( `cid` = '0' ) 
SQL: SELECT `attrid`,`attrname` FROM `ds_attribute` WHERE ( `cid` = '70' )  [ RunTime:0.000000s ]
ERR: 1146:Table 'gec.ds_attribute' doesn't exist
 [ SQL语句 ] : SELECT `attrid`,`attrname` FROM `ds_attribute` WHERE ( `cid` = '70' ) 
INFO: [ app_end ] --START--
INFO: Run Behavior\ShowPageTraceBehavior [ RunTime:0.001000s ]
INFO: [ app_end ] --END-- [ RunTime:0.001000s ]

[ 2018-10-29T15:47:27+08:00 ] 127.0.0.1 /cheng/admin.php/Admin/Goodsissue/insertGd
INFO: [ app_init ] --START--
INFO: Run Behavior\BuildLiteBehavior [ RunTime:0.000000s ]
INFO: [ app_init ] --END-- [ RunTime:0.000000s ]

[ 2018-10-29T15:47:28+08:00 ] 127.0.0.1 /cheng/admin.php/Admin/Goodsissue/index
INFO: [ app_init ] --START--
INFO: Run Behavior\BuildLiteBehavior [ RunTime:0.000000s ]
INFO: [ app_init ] --END-- [ RunTime:0.001001s ]

[ 2018-10-29T15:47:29+08:00 ] 127.0.0.1 /cheng/admin.php/Admin/Goodsup/index.html
INFO: [ app_init ] --START--
INFO: Run Behavior\BuildLiteBehavior [ RunTime:0.000000s ]
INFO: [ app_init ] --END-- [ RunTime:0.001001s ]

[ 2018-10-29T15:47:31+08:00 ] 127.0.0.1 /cheng/admin.php/Admin/Goodsdown/index.html
INFO: [ app_init ] --START--
INFO: Run Behavior\BuildLiteBehavior [ RunTime:0.000000s ]
INFO: [ app_init ] --END-- [ RunTime:0.001000s ]

[ 2018-10-29T15:47:34+08:00 ] 127.0.0.1 /cheng/admin.php/Admin/Goodsdown/upGoods?gid=35
INFO: [ app_init ] --START--
INFO: Run Behavior\BuildLiteBehavior [ RunTime:0.000000s ]
INFO: [ app_init ] --END-- [ RunTime:0.001000s ]
INFO: [ app_begin ] --START--
INFO: Run Behavior\ReadHtmlCacheBehavior [ RunTime:0.001000s ]
INFO: [ app_begin ] --END-- [ RunTime:0.001000s ]
NOTIC: [8192] mysql_connect(): The mysql extension is deprecated and will be removed in the future: use mysqli or PDO instead E:\phpstady\WWW\gecqkl\cheng\ThinkPHP\Library\Think\Db\Driver\Mysql.class.php 第 52 行.
SQL: SHOW COLUMNS FROM `ds_goods` [ RunTime:0.004000s ]
SQL: UPDATE `ds_goods` SET `issale`=1 WHERE ( `gid` = 35 ) [ RunTime:0.000000s ]
INFO: [ app_end ] --START--
INFO: Run Behavior\ShowPageTraceBehavior [ RunTime:0.001000s ]
INFO: [ app_end ] --END-- [ RunTime:0.001000s ]

[ 2018-10-29T15:47:36+08:00 ] 127.0.0.1 /cheng/admin.php/Admin/Goodsdown/upGoods?gid=34
INFO: [ app_init ] --START--
INFO: Run Behavior\BuildLiteBehavior [ RunTime:0.000000s ]
INFO: [ app_init ] --END-- [ RunTime:0.000000s ]
INFO: [ app_begin ] --START--
INFO: Run Behavior\ReadHtmlCacheBehavior [ RunTime:0.001001s ]
INFO: [ app_begin ] --END-- [ RunTime:0.001001s ]
NOTIC: [8192] mysql_connect(): The mysql extension is deprecated and will be removed in the future: use mysqli or PDO instead E:\phpstady\WWW\gecqkl\cheng\ThinkPHP\Library\Think\Db\Driver\Mysql.class.php 第 52 行.
SQL: SHOW COLUMNS FROM `ds_goods` [ RunTime:0.004000s ]
SQL: UPDATE `ds_goods` SET `issale`=1 WHERE ( `gid` = 34 ) [ RunTime:0.000000s ]
INFO: [ app_end ] --START--
INFO: Run Behavior\ShowPageTraceBehavior [ RunTime:0.001000s ]
INFO: [ app_end ] --END-- [ RunTime:0.001000s ]

[ 2018-10-29T15:47:38+08:00 ] 127.0.0.1 /cheng/admin.php/Admin/Goodsup/index.html
INFO: [ app_init ] --START--
INFO: Run Behavior\BuildLiteBehavior [ RunTime:0.000000s ]
INFO: [ app_init ] --END-- [ RunTime:0.001000s ]

[ 2018-10-29T15:49:23+08:00 ] 127.0.0.1 /cheng/admin.php/Admin/Goodsup/modgoods/gid/30
INFO: [ app_init ] --START--
INFO: Run Behavior\BuildLiteBehavior [ RunTime:0.000000s ]
INFO: [ app_init ] --END-- [ RunTime:0.001000s ]

[ 2018-10-29T15:49:29+08:00 ] 127.0.0.1 /cheng/admin.php/Admin/Goodsclass/index.html
INFO: [ app_init ] --START--
INFO: Run Behavior\BuildLiteBehavior [ RunTime:0.000000s ]
INFO: [ app_init ] --END-- [ RunTime:0.001000s ]

