[ 2018-11-06T10:22:52+08:00 ] 127.0.0.1 /cheng/admin.php/Admin/Goodsdown/index.html
INFO: [ app_init ] --START--
INFO: Run Behavior\BuildLiteBehavior [ RunTime:0.000000s ]
INFO: [ app_init ] --END-- [ RunTime:0.001000s ]

[ 2018-11-06T10:22:58+08:00 ] 127.0.0.1 /cheng/admin.php/Admin/Goodsattr/index.html
INFO: [ app_init ] --START--
INFO: Run Behavior\BuildLiteBehavior [ RunTime:0.000000s ]
INFO: [ app_init ] --END-- [ RunTime:0.001000s ]

[ 2018-11-06T10:22:58+08:00 ] 127.0.0.1 /cheng/admin.php/Admin/Login/index.html
INFO: [ app_init ] --START--
INFO: Run Behavior\BuildLiteBehavior [ RunTime:0.000000s ]
INFO: [ app_init ] --END-- [ RunTime:0.001000s ]

[ 2018-11-06T10:23:03+08:00 ] 127.0.0.1 /cheng/admin.php/admin/login/checklogin
INFO: [ app_init ] --START--
INFO: Run Behavior\BuildLiteBehavior [ RunTime:0.000000s ]
INFO: [ app_init ] --END-- [ RunTime:0.001000s ]

[ 2018-11-06T10:23:03+08:00 ] 127.0.0.1 /cheng/admin.php/Admin/Index/index.html
INFO: [ app_init ] --START--
INFO: Run Behavior\BuildLiteBehavior [ RunTime:0.000000s ]
INFO: [ app_init ] --END-- [ RunTime:0.000000s ]

[ 2018-11-06T10:23:07+08:00 ] 127.0.0.1 /cheng/admin.php/Admin/Goodsup/index.html
INFO: [ app_init ] --START--
INFO: Run Behavior\BuildLiteBehavior [ RunTime:0.000000s ]
INFO: [ app_init ] --END-- [ RunTime:0.000000s ]

[ 2018-11-06T10:23:11+08:00 ] 127.0.0.1 /cheng/admin.php/Admin/Goodsattr/index.html
INFO: [ app_init ] --START--
INFO: Run Behavior\BuildLiteBehavior [ RunTime:0.000000s ]
INFO: [ app_init ] --END-- [ RunTime:0.001000s ]

[ 2018-11-06T10:23:13+08:00 ] 127.0.0.1 /cheng/admin.php/Admin/Goodsattr/addAttr.html
INFO: [ app_init ] --START--
INFO: Run Behavior\BuildLiteBehavior [ RunTime:0.000000s ]
INFO: [ app_init ] --END-- [ RunTime:0.000000s ]

[ 2018-11-06T10:23:18+08:00 ] 127.0.0.1 /cheng/admin.php/Admin/Goodsclass/viewClassId
INFO: [ app_init ] --START--
INFO: Run Behavior\BuildLiteBehavior [ RunTime:0.000000s ]
INFO: [ app_init ] --END-- [ RunTime:0.001000s ]
INFO: [ app_begin ] --START--
INFO: Run Behavior\ReadHtmlCacheBehavior [ RunTime:0.001000s ]
INFO: [ app_begin ] --END-- [ RunTime:0.001000s ]
NOTIC: [8192] mysql_connect(): The mysql extension is deprecated and will be removed in the future: use mysqli or PDO instead E:\phpstady\WWW\gecqkl\cheng\ThinkPHP\Library\Think\Db\Driver\Mysql.class.php 第 52 行.
SQL: SHOW COLUMNS FROM `ds_classify` [ RunTime:0.004000s ]
SQL: SELECT `cid`,`cname` FROM `ds_classify` WHERE ( `parentid` = '66' )  [ RunTime:0.000000s ]
INFO: [ app_end ] --START--
INFO: Run Behavior\ShowPageTraceBehavior [ RunTime:0.001000s ]
INFO: [ app_end ] --END-- [ RunTime:0.001000s ]

[ 2018-11-06T10:23:28+08:00 ] 127.0.0.1 /cheng/admin.php/Admin/Goodsclass/viewClassId
INFO: [ app_init ] --START--
INFO: Run Behavior\BuildLiteBehavior [ RunTime:0.000000s ]
INFO: [ app_init ] --END-- [ RunTime:0.001000s ]
INFO: [ app_begin ] --START--
INFO: Run Behavior\ReadHtmlCacheBehavior [ RunTime:0.002000s ]
INFO: [ app_begin ] --END-- [ RunTime:0.002000s ]
NOTIC: [8192] mysql_connect(): The mysql extension is deprecated and will be removed in the future: use mysqli or PDO instead E:\phpstady\WWW\gecqkl\cheng\ThinkPHP\Library\Think\Db\Driver\Mysql.class.php 第 52 行.
SQL: SHOW COLUMNS FROM `ds_classify` [ RunTime:0.003000s ]
SQL: SELECT `cid`,`cname` FROM `ds_classify` WHERE ( `parentid` = '75' )  [ RunTime:0.000000s ]
INFO: [ app_end ] --START--
INFO: Run Behavior\ShowPageTraceBehavior [ RunTime:0.001000s ]
INFO: [ app_end ] --END-- [ RunTime:0.001000s ]

[ 2018-11-06T10:25:13+08:00 ] 127.0.0.1 /cheng/admin.php/Admin/Goodsattr/insertAttr.html
INFO: [ app_init ] --START--
INFO: Run Behavior\BuildLiteBehavior [ RunTime:0.000000s ]
INFO: [ app_init ] --END-- [ RunTime:0.000000s ]

[ 2018-11-06T10:35:33+08:00 ] 127.0.0.1 /cheng/admin.php/Admin/Goodsattr/insertAttr.html
INFO: [ app_init ] --START--
INFO: Run Behavior\BuildLiteBehavior [ RunTime:0.000000s ]
INFO: [ app_init ] --END-- [ RunTime:0.001000s ]

[ 2018-11-06T10:35:33+08:00 ] 127.0.0.1 /cheng/admin.php/Admin/Goodsattr/index.html
INFO: [ app_init ] --START--
INFO: Run Behavior\BuildLiteBehavior [ RunTime:0.000000s ]
INFO: [ app_init ] --END-- [ RunTime:0.001000s ]

[ 2018-11-06T10:35:39+08:00 ] 127.0.0.1 /cheng/admin.php/Admin/Goodsattr/addAttr.html
INFO: [ app_init ] --START--
INFO: Run Behavior\BuildLiteBehavior [ RunTime:0.000000s ]
INFO: [ app_init ] --END-- [ RunTime:0.001000s ]

[ 2018-11-06T10:35:42+08:00 ] 127.0.0.1 /cheng/admin.php/Admin/Goodsclass/viewClassId
INFO: [ app_init ] --START--
INFO: Run Behavior\BuildLiteBehavior [ RunTime:0.000000s ]
INFO: [ app_init ] --END-- [ RunTime:0.001000s ]
INFO: [ app_begin ] --START--
INFO: Run Behavior\ReadHtmlCacheBehavior [ RunTime:0.001000s ]
INFO: [ app_begin ] --END-- [ RunTime:0.001000s ]
NOTIC: [8192] mysql_connect(): The mysql extension is deprecated and will be removed in the future: use mysqli or PDO instead E:\phpstady\WWW\gecqkl\cheng\ThinkPHP\Library\Think\Db\Driver\Mysql.class.php 第 52 行.
SQL: SHOW COLUMNS FROM `ds_classify` [ RunTime:0.004000s ]
SQL: SELECT `cid`,`cname` FROM `ds_classify` WHERE ( `parentid` = '68' )  [ RunTime:0.000000s ]
INFO: [ app_end ] --START--
INFO: Run Behavior\ShowPageTraceBehavior [ RunTime:0.001000s ]
INFO: [ app_end ] --END-- [ RunTime:0.001000s ]

[ 2018-11-06T10:35:54+08:00 ] 127.0.0.1 /cheng/admin.php/Admin/Goodsattr/insertAttr.html
INFO: [ app_init ] --START--
INFO: Run Behavior\BuildLiteBehavior [ RunTime:0.000000s ]
INFO: [ app_init ] --END-- [ RunTime:0.001000s ]

[ 2018-11-06T10:35:54+08:00 ] 127.0.0.1 /cheng/admin.php/Admin/Goodsattr/index.html
INFO: [ app_init ] --START--
INFO: Run Behavior\BuildLiteBehavior [ RunTime:0.000000s ]
INFO: [ app_init ] --END-- [ RunTime:0.000000s ]

[ 2018-11-06T10:37:22+08:00 ] 127.0.0.1 /cheng/admin.php/Admin/Goodsattr/index.html
INFO: [ app_init ] --START--
INFO: Run Behavior\BuildLiteBehavior [ RunTime:0.000000s ]
INFO: [ app_init ] --END-- [ RunTime:0.000000s ]

[ 2018-11-06T10:37:35+08:00 ] 127.0.0.1 /cheng/admin.php/Admin/Goodsattr/index.html
INFO: [ app_init ] --START--
INFO: Run Behavior\BuildLiteBehavior [ RunTime:0.000000s ]
INFO: [ app_init ] --END-- [ RunTime:0.001001s ]

[ 2018-11-06T10:38:06+08:00 ] 127.0.0.1 /cheng/admin.php/Admin/Goodsattr/index.html
INFO: [ app_init ] --START--
INFO: Run Behavior\BuildLiteBehavior [ RunTime:0.000000s ]
INFO: [ app_init ] --END-- [ RunTime:0.000000s ]

[ 2018-11-06T10:38:30+08:00 ] 127.0.0.1 /cheng/admin.php/Admin/Goodsattr/index.html
INFO: [ app_init ] --START--
INFO: Run Behavior\BuildLiteBehavior [ RunTime:0.000000s ]
INFO: [ app_init ] --END-- [ RunTime:0.001000s ]

[ 2018-11-06T10:38:31+08:00 ] 127.0.0.1 /cheng/admin.php/Admin/Goodsattr/index.html
INFO: [ app_init ] --START--
INFO: Run Behavior\BuildLiteBehavior [ RunTime:0.000000s ]
INFO: [ app_init ] --END-- [ RunTime:0.001000s ]

[ 2018-11-06T10:38:31+08:00 ] 127.0.0.1 /cheng/admin.php/Admin/Goodsattr/index.html
INFO: [ app_init ] --START--
INFO: Run Behavior\BuildLiteBehavior [ RunTime:0.000000s ]
INFO: [ app_init ] --END-- [ RunTime:0.001000s ]

[ 2018-11-06T10:38:31+08:00 ] 127.0.0.1 /cheng/admin.php/Admin/Goodsattr/index.html
INFO: [ app_init ] --START--
INFO: Run Behavior\BuildLiteBehavior [ RunTime:0.000000s ]
INFO: [ app_init ] --END-- [ RunTime:0.001000s ]

[ 2018-11-06T10:44:54+08:00 ] 127.0.0.1 /cheng/admin.php/Admin/Goodsissue/index.html
INFO: [ app_init ] --START--
INFO: Run Behavior\BuildLiteBehavior [ RunTime:0.000000s ]
INFO: [ app_init ] --END-- [ RunTime:0.001000s ]

[ 2018-11-06T10:44:56+08:00 ] 127.0.0.1 /cheng/admin.php/admin/goodsclass/viewclassid
INFO: [ app_init ] --START--
INFO: Run Behavior\BuildLiteBehavior [ RunTime:0.000000s ]
INFO: [ app_init ] --END-- [ RunTime:0.001000s ]
INFO: [ app_begin ] --START--
INFO: Run Behavior\ReadHtmlCacheBehavior [ RunTime:0.001000s ]
INFO: [ app_begin ] --END-- [ RunTime:0.001000s ]
NOTIC: [8192] mysql_connect(): The mysql extension is deprecated and will be removed in the future: use mysqli or PDO instead E:\phpstady\WWW\gecqkl\cheng\ThinkPHP\Library\Think\Db\Driver\Mysql.class.php 第 52 行.
SQL: SHOW COLUMNS FROM `ds_classify` [ RunTime:0.004000s ]
SQL: SELECT `cid`,`cname` FROM `ds_classify` WHERE ( `parentid` = '70' )  [ RunTime:0.000000s ]
INFO: [ app_end ] --START--
INFO: Run Behavior\ShowPageTraceBehavior [ RunTime:0.001000s ]
INFO: [ app_end ] --END-- [ RunTime:0.001000s ]

[ 2018-11-06T10:44:56+08:00 ] 127.0.0.1 /cheng/admin.php/admin/Goodsissue/goodsAttr
INFO: [ app_init ] --START--
INFO: Run Behavior\BuildLiteBehavior [ RunTime:0.000000s ]
INFO: [ app_init ] --END-- [ RunTime:0.000000s ]
INFO: [ app_begin ] --START--
INFO: Run Behavior\ReadHtmlCacheBehavior [ RunTime:0.001000s ]
INFO: [ app_begin ] --END-- [ RunTime:0.001000s ]
NOTIC: [8192] mysql_connect(): The mysql extension is deprecated and will be removed in the future: use mysqli or PDO instead E:\phpstady\WWW\gecqkl\cheng\ThinkPHP\Library\Think\Db\Driver\Mysql.class.php 第 52 行.
SQL: SHOW COLUMNS FROM `ds_classify` [ RunTime:0.004001s ]
SQL: SELECT `cpath` FROM `ds_classify` WHERE ( `cid` = 70 ) LIMIT 1   [ RunTime:0.000000s ]
SQL: SHOW COLUMNS FROM `ds_attribute` [ RunTime:0.004000s ]
SQL: SHOW COLUMNS FROM `ds_goodstoattr` [ RunTime:0.003000s ]
SQL: SELECT `attrid`,`attrname` FROM `ds_attribute` WHERE ( `cid` = 0 )  [ RunTime:0.000000s ]
SQL: SELECT `attrid`,`attrname` FROM `ds_attribute` WHERE ( `cid` = 70 )  [ RunTime:0.000000s ]
INFO: [ app_end ] --START--
INFO: Run Behavior\ShowPageTraceBehavior [ RunTime:0.001000s ]
INFO: [ app_end ] --END-- [ RunTime:0.001000s ]

[ 2018-11-06T10:44:56+08:00 ] 127.0.0.1 /cheng/admin.php/admin/Goodsissue/goodsBrand
INFO: [ app_init ] --START--
INFO: Run Behavior\BuildLiteBehavior [ RunTime:0.000000s ]
INFO: [ app_init ] --END-- [ RunTime:0.000000s ]
INFO: [ app_begin ] --START--
INFO: Run Behavior\ReadHtmlCacheBehavior [ RunTime:0.001000s ]
INFO: [ app_begin ] --END-- [ RunTime:0.001000s ]
NOTIC: [8192] mysql_connect(): The mysql extension is deprecated and will be removed in the future: use mysqli or PDO instead E:\phpstady\WWW\gecqkl\cheng\ThinkPHP\Library\Think\Db\Driver\Mysql.class.php 第 52 行.
SQL: SHOW COLUMNS FROM `ds_brandtoclass` [ RunTime:0.033002s ]
SQL: SHOW COLUMNS FROM `ds_brand` [ RunTime:0.025001s ]
SQL: SELECT `bid` FROM `ds_brandtoclass` WHERE ( `cid` = 70 )  [ RunTime:0.001000s ]
NOTIC: [2] Invalid argument supplied for foreach() E:\phpstady\WWW\gecqkl\cheng\Application\Admin\Controller\GoodsissueController.class.php 第 176 行.
NOTIC: [8] Undefined variable: brand_data E:\phpstady\WWW\gecqkl\cheng\Application\Admin\Controller\GoodsissueController.class.php 第 182 行.
INFO: [ app_end ] --START--
INFO: Run Behavior\ShowPageTraceBehavior [ RunTime:0.003000s ]
INFO: [ app_end ] --END-- [ RunTime:0.003000s ]

[ 2018-11-06T10:51:42+08:00 ] 127.0.0.1 /cheng/admin.php/Admin/Goodsup/index.html
INFO: [ app_init ] --START--
INFO: Run Behavior\BuildLiteBehavior [ RunTime:0.000000s ]
INFO: [ app_init ] --END-- [ RunTime:0.000000s ]

[ 2018-11-06T10:51:44+08:00 ] 127.0.0.1 /cheng/admin.php/Admin/Goodsup/modgoods/gid/33
INFO: [ app_init ] --START--
INFO: Run Behavior\BuildLiteBehavior [ RunTime:0.000000s ]
INFO: [ app_init ] --END-- [ RunTime:0.001000s ]

[ 2018-11-06T10:51:50+08:00 ] 127.0.0.1 /cheng/admin.php/Admin/Goodsissue/index.html
INFO: [ app_init ] --START--
INFO: Run Behavior\BuildLiteBehavior [ RunTime:0.000000s ]
INFO: [ app_init ] --END-- [ RunTime:0.000000s ]

[ 2018-11-06T10:51:51+08:00 ] 127.0.0.1 /cheng/admin.php/admin/goodsclass/viewclassid
INFO: [ app_init ] --START--
INFO: Run Behavior\BuildLiteBehavior [ RunTime:0.000000s ]
INFO: [ app_init ] --END-- [ RunTime:0.001000s ]
INFO: [ app_begin ] --START--
INFO: Run Behavior\ReadHtmlCacheBehavior [ RunTime:0.002000s ]
INFO: [ app_begin ] --END-- [ RunTime:0.002000s ]
NOTIC: [8192] mysql_connect(): The mysql extension is deprecated and will be removed in the future: use mysqli or PDO instead E:\phpstady\WWW\gecqkl\cheng\ThinkPHP\Library\Think\Db\Driver\Mysql.class.php 第 52 行.
SQL: SHOW COLUMNS FROM `ds_classify` [ RunTime:0.004001s ]
SQL: SELECT `cid`,`cname` FROM `ds_classify` WHERE ( `parentid` = '75' )  [ RunTime:0.000000s ]
INFO: [ app_end ] --START--
INFO: Run Behavior\ShowPageTraceBehavior [ RunTime:0.001000s ]
INFO: [ app_end ] --END-- [ RunTime:0.001000s ]

[ 2018-11-06T10:51:52+08:00 ] 127.0.0.1 /cheng/admin.php/admin/Goodsissue/goodsAttr
INFO: [ app_init ] --START--
INFO: Run Behavior\BuildLiteBehavior [ RunTime:0.000000s ]
INFO: [ app_init ] --END-- [ RunTime:0.001000s ]
INFO: [ app_begin ] --START--
INFO: Run Behavior\ReadHtmlCacheBehavior [ RunTime:0.001000s ]
INFO: [ app_begin ] --END-- [ RunTime:0.001000s ]
NOTIC: [8192] mysql_connect(): The mysql extension is deprecated and will be removed in the future: use mysqli or PDO instead E:\phpstady\WWW\gecqkl\cheng\ThinkPHP\Library\Think\Db\Driver\Mysql.class.php 第 52 行.
SQL: SHOW COLUMNS FROM `ds_classify` [ RunTime:0.004000s ]
SQL: SELECT `cpath` FROM `ds_classify` WHERE ( `cid` = 75 ) LIMIT 1   [ RunTime:0.001000s ]
SQL: SHOW COLUMNS FROM `ds_attribute` [ RunTime:0.003000s ]
SQL: SHOW COLUMNS FROM `ds_goodstoattr` [ RunTime:0.003000s ]
SQL: SELECT `attrid`,`attrname` FROM `ds_attribute` WHERE ( `cid` = 0 )  [ RunTime:0.000000s ]
SQL: SELECT `attrid`,`attrname` FROM `ds_attribute` WHERE ( `cid` = 75 )  [ RunTime:0.000000s ]
INFO: [ app_end ] --START--
INFO: Run Behavior\ShowPageTraceBehavior [ RunTime:0.001000s ]
INFO: [ app_end ] --END-- [ RunTime:0.001000s ]

[ 2018-11-06T10:51:52+08:00 ] 127.0.0.1 /cheng/admin.php/admin/Goodsissue/goodsBrand
INFO: [ app_init ] --START--
INFO: Run Behavior\BuildLiteBehavior [ RunTime:0.000000s ]
INFO: [ app_init ] --END-- [ RunTime:0.001000s ]
INFO: [ app_begin ] --START--
INFO: Run Behavior\ReadHtmlCacheBehavior [ RunTime:0.001000s ]
INFO: [ app_begin ] --END-- [ RunTime:0.001000s ]
NOTIC: [8192] mysql_connect(): The mysql extension is deprecated and will be removed in the future: use mysqli or PDO instead E:\phpstady\WWW\gecqkl\cheng\ThinkPHP\Library\Think\Db\Driver\Mysql.class.php 第 52 行.
SQL: SHOW COLUMNS FROM `ds_brandtoclass` [ RunTime:0.003000s ]
SQL: SHOW COLUMNS FROM `ds_brand` [ RunTime:0.003000s ]
SQL: SELECT `bid` FROM `ds_brandtoclass` WHERE ( `cid` = 75 )  [ RunTime:0.000000s ]
NOTIC: [2] Invalid argument supplied for foreach() E:\phpstady\WWW\gecqkl\cheng\Application\Admin\Controller\GoodsissueController.class.php 第 176 行.
NOTIC: [8] Undefined variable: brand_data E:\phpstady\WWW\gecqkl\cheng\Application\Admin\Controller\GoodsissueController.class.php 第 182 行.
INFO: [ app_end ] --START--
INFO: Run Behavior\ShowPageTraceBehavior [ RunTime:0.001000s ]
INFO: [ app_end ] --END-- [ RunTime:0.001000s ]

[ 2018-11-06T10:52:29+08:00 ] 127.0.0.1 /cheng/admin.php/Admin/Goodsissue/insertGd
INFO: [ app_init ] --START--
INFO: Run Behavior\BuildLiteBehavior [ RunTime:0.001000s ]
INFO: [ app_init ] --END-- [ RunTime:0.001000s ]

[ 2018-11-06T10:52:31+08:00 ] 127.0.0.1 /cheng/admin.php/Admin/Goodsissue/index
INFO: [ app_init ] --START--
INFO: Run Behavior\BuildLiteBehavior [ RunTime:0.000000s ]
INFO: [ app_init ] --END-- [ RunTime:0.001000s ]

[ 2018-11-06T10:52:32+08:00 ] 127.0.0.1 /cheng/admin.php/Admin/Goodsup/index.html
INFO: [ app_init ] --START--
INFO: Run Behavior\BuildLiteBehavior [ RunTime:0.000000s ]
INFO: [ app_init ] --END-- [ RunTime:0.001000s ]

[ 2018-11-06T10:53:11+08:00 ] 127.0.0.1 /cheng/admin.php/Admin/Goodsup/modgoods/gid/33
INFO: [ app_init ] --START--
INFO: Run Behavior\BuildLiteBehavior [ RunTime:0.000000s ]
INFO: [ app_init ] --END-- [ RunTime:0.000000s ]

[ 2018-11-06T10:54:59+08:00 ] 127.0.0.1 /cheng/admin.php/Admin/Goodsup/modgoods/gid/33
INFO: [ app_init ] --START--
INFO: Run Behavior\BuildLiteBehavior [ RunTime:0.000000s ]
INFO: [ app_init ] --END-- [ RunTime:0.001000s ]

[ 2018-11-06T10:55:03+08:00 ] 127.0.0.1 /cheng/admin.php/Admin/Goodsup/index.html
INFO: [ app_init ] --START--
INFO: Run Behavior\BuildLiteBehavior [ RunTime:0.000000s ]
INFO: [ app_init ] --END-- [ RunTime:0.001000s ]

[ 2018-11-06T10:55:06+08:00 ] 127.0.0.1 /cheng/admin.php/Admin/Goodsup/modgoods/gid/30
INFO: [ app_init ] --START--
INFO: Run Behavior\BuildLiteBehavior [ RunTime:0.000000s ]
INFO: [ app_init ] --END-- [ RunTime:0.001000s ]

[ 2018-11-06T10:55:14+08:00 ] 127.0.0.1 /cheng/admin.php/Admin/Goodsup/updategoods
INFO: [ app_init ] --START--
INFO: Run Behavior\BuildLiteBehavior [ RunTime:0.000000s ]
INFO: [ app_init ] --END-- [ RunTime:0.001000s ]

[ 2018-11-06T10:55:15+08:00 ] 127.0.0.1 /cheng/admin.php/Admin/Goodsup/index
INFO: [ app_init ] --START--
INFO: Run Behavior\BuildLiteBehavior [ RunTime:0.000000s ]
INFO: [ app_init ] --END-- [ RunTime:0.001000s ]

[ 2018-11-06T10:55:18+08:00 ] 127.0.0.1 /cheng/admin.php/Admin/Goodsup/modgoods/gid/30
INFO: [ app_init ] --START--
INFO: Run Behavior\BuildLiteBehavior [ RunTime:0.000000s ]
INFO: [ app_init ] --END-- [ RunTime:0.000000s ]

[ 2018-11-06T10:56:26+08:00 ] 127.0.0.1 /cheng/admin.php/Admin/Goodsup/modgoods/gid/30
INFO: [ app_init ] --START--
INFO: Run Behavior\BuildLiteBehavior [ RunTime:0.000000s ]
INFO: [ app_init ] --END-- [ RunTime:0.001000s ]

[ 2018-11-06T10:56:41+08:00 ] 127.0.0.1 /cheng/admin.php/Admin/Goodsup/index.html
INFO: [ app_init ] --START--
INFO: Run Behavior\BuildLiteBehavior [ RunTime:0.000000s ]
INFO: [ app_init ] --END-- [ RunTime:0.001000s ]

[ 2018-11-06T10:56:44+08:00 ] 127.0.0.1 /cheng/admin.php/Admin/Goodsdown/index.html
INFO: [ app_init ] --START--
INFO: Run Behavior\BuildLiteBehavior [ RunTime:0.000000s ]
INFO: [ app_init ] --END-- [ RunTime:0.001000s ]

[ 2018-11-06T10:56:46+08:00 ] 127.0.0.1 /cheng/admin.php/Admin/Goodsup/index.html
INFO: [ app_init ] --START--
INFO: Run Behavior\BuildLiteBehavior [ RunTime:0.000000s ]
INFO: [ app_init ] --END-- [ RunTime:0.001000s ]

[ 2018-11-06T10:56:47+08:00 ] 127.0.0.1 /cheng/admin.php/Admin/Goodsdown/index.html
INFO: [ app_init ] --START--
INFO: Run Behavior\BuildLiteBehavior [ RunTime:0.000000s ]
INFO: [ app_init ] --END-- [ RunTime:0.001000s ]

[ 2018-11-06T10:56:50+08:00 ] 127.0.0.1 /cheng/admin.php/Admin/Goodsdown/upGoods?gid=37
INFO: [ app_init ] --START--
INFO: Run Behavior\BuildLiteBehavior [ RunTime:0.000000s ]
INFO: [ app_init ] --END-- [ RunTime:0.001000s ]
INFO: [ app_begin ] --START--
INFO: Run Behavior\ReadHtmlCacheBehavior [ RunTime:0.002001s ]
INFO: [ app_begin ] --END-- [ RunTime:0.002001s ]
NOTIC: [8192] mysql_connect(): The mysql extension is deprecated and will be removed in the future: use mysqli or PDO instead E:\phpstady\WWW\gecqkl\cheng\ThinkPHP\Library\Think\Db\Driver\Mysql.class.php 第 52 行.
SQL: SHOW COLUMNS FROM `ds_goods` [ RunTime:0.006001s ]
SQL: UPDATE `ds_goods` SET `issale`=1 WHERE ( `gid` = 37 ) [ RunTime:0.000000s ]
INFO: [ app_end ] --START--
INFO: Run Behavior\ShowPageTraceBehavior [ RunTime:0.002000s ]
INFO: [ app_end ] --END-- [ RunTime:0.002000s ]

[ 2018-11-06T10:56:51+08:00 ] 127.0.0.1 /cheng/admin.php/Admin/Goodsup/index.html
INFO: [ app_init ] --START--
INFO: Run Behavior\BuildLiteBehavior [ RunTime:0.000000s ]
INFO: [ app_init ] --END-- [ RunTime:0.000000s ]

[ 2018-11-06T10:56:54+08:00 ] 127.0.0.1 /cheng/admin.php/Admin/Goodsup/modgoods/gid/37
INFO: [ app_init ] --START--
INFO: Run Behavior\BuildLiteBehavior [ RunTime:0.000000s ]
INFO: [ app_init ] --END-- [ RunTime:0.001000s ]

[ 2018-11-06T14:04:37+08:00 ] 127.0.0.1 /cheng/admin.php/Admin/Goodsup/modgoods/gid/37
INFO: [ app_init ] --START--
INFO: Run Behavior\BuildLiteBehavior [ RunTime:0.000000s ]
INFO: [ app_init ] --END-- [ RunTime:0.000000s ]

[ 2018-11-06T14:44:14+08:00 ] 127.0.0.1 /cheng/admin.php/Admin/Goodsup/modgoods/gid/37
INFO: [ app_init ] --START--
INFO: Run Behavior\BuildLiteBehavior [ RunTime:0.000000s ]
INFO: [ app_init ] --END-- [ RunTime:0.001000s ]

[ 2018-11-06T14:44:25+08:00 ] 127.0.0.1 /cheng/admin.php/Admin/Goodsup/updategoods
INFO: [ app_init ] --START--
INFO: Run Behavior\BuildLiteBehavior [ RunTime:0.000000s ]
INFO: [ app_init ] --END-- [ RunTime:0.001001s ]

[ 2018-11-06T14:44:31+08:00 ] 127.0.0.1 /cheng/admin.php/Admin/Goodsup/updategoods
INFO: [ app_init ] --START--
INFO: Run Behavior\BuildLiteBehavior [ RunTime:0.000000s ]
INFO: [ app_init ] --END-- [ RunTime:0.000000s ]

[ 2018-11-06T14:44:32+08:00 ] 127.0.0.1 /cheng/admin.php/Admin/Goodsup/index
INFO: [ app_init ] --START--
INFO: Run Behavior\BuildLiteBehavior [ RunTime:0.000000s ]
INFO: [ app_init ] --END-- [ RunTime:0.001000s ]

[ 2018-11-06T14:44:34+08:00 ] 127.0.0.1 /cheng/admin.php/Admin/Goodsup/modgoods/gid/37
INFO: [ app_init ] --START--
INFO: Run Behavior\BuildLiteBehavior [ RunTime:0.000000s ]
INFO: [ app_init ] --END-- [ RunTime:0.001000s ]

[ 2018-11-06T14:45:40+08:00 ] 127.0.0.1 /cheng/admin.php/Admin/Goodsup/updategoods
INFO: [ app_init ] --START--
INFO: Run Behavior\BuildLiteBehavior [ RunTime:0.000000s ]
INFO: [ app_init ] --END-- [ RunTime:0.001000s ]

[ 2018-11-06T14:45:41+08:00 ] 127.0.0.1 /cheng/admin.php/Admin/Goodsup/index
INFO: [ app_init ] --START--
INFO: Run Behavior\BuildLiteBehavior [ RunTime:0.000000s ]
INFO: [ app_init ] --END-- [ RunTime:0.000000s ]

[ 2018-11-06T14:45:51+08:00 ] 127.0.0.1 /cheng/admin.php/Admin/Goodsup/modgoods/gid/35
INFO: [ app_init ] --START--
INFO: Run Behavior\BuildLiteBehavior [ RunTime:0.000000s ]
INFO: [ app_init ] --END-- [ RunTime:0.000000s ]

[ 2018-11-06T14:46:04+08:00 ] 127.0.0.1 /cheng/admin.php/Admin/Goodsup/modgoods/gid/35
INFO: [ app_init ] --START--
INFO: Run Behavior\BuildLiteBehavior [ RunTime:0.000000s ]
INFO: [ app_init ] --END-- [ RunTime:0.000000s ]

